<?xml version="1.0" encoding="UTF-8" standalone="yes"?><!DOCTYPE report PUBLIC "-//JACOCO//DTD Report 1.1//EN" "report.dtd"><report name="JaCoCo Coverage Report"><sessioninfo id="33a2ffd9a780-6bb0e2f1" start="1769165486554" dump="1769165508563"/><sessioninfo id="33a2ffd9a780-6bb0e2f1" start="1769165486554" dump="1769165508563"/><sessioninfo id="33a2ffd9a780-6bb0e2f1" start="1769165486554" dump="1769165508563"/><sessioninfo id="33a2ffd9a780-6bb0e2f1" start="1769165486554" dump="1769165508563"/><sessioninfo id="33a2ffd9a780-6bb0e2f1" start="1769165486554" dump="1769165508563"/><sessioninfo id="33a2ffd9a780-6bb0e2f1" start="1769165486554" dump="1769165508563"/><sessioninfo id="33a2ffd9a780-6bb0e2f1" start="1769165486554" dump="1769165508563"/><sessioninfo id="33a2ffd9a780-6bb0e2f1" start="1769165486554" dump="1769165508563"/><sessioninfo id="33a2ffd9a780-6bb0e2f1" start="1769165486554" dump="1769165508563"/><sessioninfo id="33a2ffd9a780-6bb0e2f1" start="1769165486554" dump="1769165508563"/><sessioninfo id="33a2ffd9a780-6bb0e2f1" start="1769165486554" dump="1769165508563"/><sessioninfo id="33a2ffd9a780-6bb0e2f1" start="1769165486554" dump="1769165508563"/><sessioninfo id="33a2ffd9a780-6bb0e2f1" start="1769165486554" dump="1769165508563"/><sessioninfo id="33a2ffd9a780-6bb0e2f1" start="1769165486554" dump="1769165508563"/><sessioninfo id="33a2ffd9a780-6bb0e2f1" start="1769165486554" dump="1769165508563"/><sessioninfo id="33a2ffd9a780-6bb0e2f1" start="1769165486554" dump="1769165508563"/><sessioninfo id="33a2ffd9a780-6bb0e2f1" start="1769165486554" dump="1769165508563"/><sessioninfo id="33a2ffd9a780-6bb0e2f1" start="1769165486554" dump="1769165508563"/><sessioninfo id="33a2ffd9a780-6bb0e2f1" start="1769165486554" dump="1769165508563"/><sessioninfo id="33a2ffd9a780-6bb0e2f1" start="1769165486554" dump="1769165508563"/><sessioninfo id="33a2ffd9a780-6bb0e2f1" start="1769165486554" dump="1769165508563"/><sessioninfo id="33a2ffd9a780-6bb0e2f1" start="1769165486554" dump="1769165508563"/><sessioninfo id="33a2ffd9a780-6bb0e2f1" start="1769165486554" dump="1769165508563"/><sessioninfo id="33a2ffd9a780-6bb0e2f1" start="1769165486554" dump="1769165508563"/><sessioninfo id="33a2ffd9a780-6bb0e2f1" start="1769165486554" dump="1769165508563"/><sessioninfo id="33a2ffd9a780-6bb0e2f1" start="1769165486554" dump="1769165508563"/><sessioninfo id="33a2ffd9a780-6bb0e2f1" start="1769165486554" dump="1769165508563"/><sessioninfo id="33a2ffd9a780-6bb0e2f1" start="1769165486554" dump="1769165508563"/><sessioninfo id="33a2ffd9a780-6bb0e2f1" start="1769165486554" dump="1769165508563"/><sessioninfo id="33a2ffd9a780-6bb0e2f1" start="1769165486554" dump="1769165508563"/><sessioninfo id="33a2ffd9a780-6bb0e2f1" start="1769165486554" dump="1769165508563"/><sessioninfo id="33a2ffd9a780-6bb0e2f1" start="1769165486554" dump="1769165508563"/><sessioninfo id="a1121d86d922-8769ecea" start="1769165486564" dump="1769165508834"/><sessioninfo id="a1121d86d922-8769ecea" start="1769165486564" dump="1769165508834"/><sessioninfo id="a1121d86d922-8769ecea" start="1769165486564" dump="1769165508834"/><sessioninfo id="a1121d86d922-8769ecea" start="1769165486564" dump="1769165508834"/><sessioninfo id="a1121d86d922-8769ecea" start="1769165486564" dump="1769165508834"/><sessioninfo id="a1121d86d922-8769ecea" start="1769165486564" dump="1769165508834"/><sessioninfo id="a1121d86d922-8769ecea" start="1769165486564" dump="1769165508834"/><sessioninfo id="a1121d86d922-8769ecea" start="1769165486564" dump="1769165508834"/><sessioninfo id="a1121d86d922-8769ecea" start="1769165486564" dump="1769165508834"/><sessioninfo id="a1121d86d922-8769ecea" start="1769165486564" dump="1769165508834"/><sessioninfo id="a1121d86d922-8769ecea" start="1769165486564" dump="1769165508834"/><sessioninfo id="a1121d86d922-8769ecea" start="1769165486564" dump="1769165508834"/><sessioninfo id="a1121d86d922-8769ecea" start="1769165486564" dump="1769165508834"/><sessioninfo id="a1121d86d922-8769ecea" start="1769165486564" dump="1769165508834"/><sessioninfo id="a1121d86d922-8769ecea" start="1769165486564" dump="1769165508834"/><sessioninfo id="a1121d86d922-8769ecea" start="1769165486564" dump="1769165508834"/><sessioninfo id="90a17a809e91-ff9f475f" start="1769165486473" dump="1769165509128"/><sessioninfo id="90a17a809e91-ff9f475f" start="1769165486473" dump="1769165509128"/><sessioninfo id="90a17a809e91-ff9f475f" start="1769165486473" dump="1769165509128"/><sessioninfo id="90a17a809e91-ff9f475f" start="1769165486473" dump="1769165509128"/><sessioninfo id="90a17a809e91-ff9f475f" start="1769165486473" dump="1769165509128"/><sessioninfo id="90a17a809e91-ff9f475f" start="1769165486473" dump="1769165509128"/><sessioninfo id="90a17a809e91-ff9f475f" start="1769165486473" dump="1769165509128"/><sessioninfo id="90a17a809e91-ff9f475f" start="1769165486473" dump="1769165509128"/><sessioninfo id="90a17a809e91-ff9f475f" start="1769165486473" dump="1769165509128"/><sessioninfo id="90a17a809e91-ff9f475f" start="1769165486473" dump="1769165509128"/><sessioninfo id="90a17a809e91-ff9f475f" start="1769165486473" dump="1769165509128"/><sessioninfo id="90a17a809e91-ff9f475f" start="1769165486473" dump="1769165509128"/><sessioninfo id="90a17a809e91-ff9f475f" start="1769165486473" dump="1769165509128"/><sessioninfo id="90a17a809e91-ff9f475f" start="1769165486473" dump="1769165509128"/><sessioninfo id="90a17a809e91-ff9f475f" start="1769165486473" dump="1769165509128"/><sessioninfo id="90a17a809e91-ff9f475f" start="1769165486473" dump="1769165509128"/><sessioninfo id="90a17a809e91-ff9f475f" start="1769165486473" dump="1769165509128"/><sessioninfo id="90a17a809e91-ff9f475f" start="1769165486473" dump="1769165509128"/><sessioninfo id="90a17a809e91-ff9f475f" start="1769165486473" dump="1769165509128"/><sessioninfo id="90a17a809e91-ff9f475f" start="1769165486473" dump="1769165509128"/><sessioninfo id="90a17a809e91-ff9f475f" start="1769165486473" dump="1769165509128"/><sessioninfo id="90a17a809e91-ff9f475f" start="1769165486473" dump="1769165509128"/><sessioninfo id="90a17a809e91-ff9f475f" start="1769165486473" dump="1769165509128"/><sessioninfo id="90a17a809e91-ff9f475f" start="1769165486473" dump="1769165509128"/><sessioninfo id="90a17a809e91-ff9f475f" start="1769165486473" dump="1769165509128"/><sessioninfo id="90a17a809e91-ff9f475f" start="1769165486473" dump="1769165509128"/><sessioninfo id="90a17a809e91-ff9f475f" start="1769165486473" dump="1769165509128"/><sessioninfo id="90a17a809e91-ff9f475f" start="1769165486473" dump="1769165509128"/><sessioninfo id="90a17a809e91-ff9f475f" start="1769165486473" dump="1769165509128"/><sessioninfo id="90a17a809e91-ff9f475f" start="1769165486473" dump="1769165509128"/><sessioninfo id="90a17a809e91-ff9f475f" start="1769165486473" dump="1769165509128"/><sessioninfo id="90a17a809e91-ff9f475f" start="1769165486473" dump="1769165509128"/><sessioninfo id="90a17a809e91-ff9f475f" start="1769165486473" dump="1769165509128"/><sessioninfo id="90a17a809e91-ff9f475f" start="1769165486473" dump="1769165509128"/><sessioninfo id="90a17a809e91-ff9f475f" start="1769165486473" dump="1769165509128"/><sessioninfo id="90a17a809e91-ff9f475f" start="1769165486473" dump="1769165509128"/><sessioninfo id="90a17a809e91-ff9f475f" start="1769165486473" dump="1769165509128"/><sessioninfo id="90a17a809e91-ff9f475f" start="1769165486473" dump="1769165509128"/><sessioninfo id="90a17a809e91-ff9f475f" start="1769165486473" dump="1769165509128"/><sessioninfo id="90a17a809e91-ff9f475f" start="1769165486473" dump="1769165509128"/><sessioninfo id="90a17a809e91-ff9f475f" start="1769165486473" dump="1769165509128"/><sessioninfo id="90a17a809e91-ff9f475f" start="1769165486473" dump="1769165509128"/><sessioninfo id="90a17a809e91-ff9f475f" start="1769165486473" dump="1769165509128"/><sessioninfo id="90a17a809e91-ff9f475f" start="1769165486473" dump="1769165509128"/><sessioninfo id="90a17a809e91-ff9f475f" start="1769165486473" dump="1769165509128"/><sessioninfo id="90a17a809e91-ff9f475f" start="1769165486473" dump="1769165509128"/><sessioninfo id="90a17a809e91-ff9f475f" start="1769165486473" dump="1769165509128"/><sessioninfo id="90a17a809e91-ff9f475f" start="1769165486473" dump="1769165509128"/><sessioninfo id="90a17a809e91-ff9f475f" start="1769165486473" dump="1769165509128"/><sessioninfo id="90a17a809e91-ff9f475f" start="1769165486473" dump="1769165509128"/><sessioninfo id="90a17a809e91-ff9f475f" start="1769165486473" dump="1769165509128"/><sessioninfo id="90a17a809e91-ff9f475f" start="1769165486473" dump="1769165509128"/><sessioninfo id="90a17a809e91-ff9f475f" start="1769165486473" dump="1769165509128"/><sessioninfo id="90a17a809e91-ff9f475f" start="1769165486473" dump="1769165509128"/><sessioninfo id="90a17a809e91-ff9f475f" start="1769165486473" dump="1769165509128"/><sessioninfo id="90a17a809e91-ff9f475f" start="1769165486473" dump="1769165509128"/><sessioninfo id="90a17a809e91-ff9f475f" start="1769165486473" dump="1769165509128"/><sessioninfo id="90a17a809e91-ff9f475f" start="1769165486473" dump="1769165509128"/><sessioninfo id="90a17a809e91-ff9f475f" start="1769165486473" dump="1769165509128"/><sessioninfo id="90a17a809e91-ff9f475f" start="1769165486473" dump="1769165509128"/><sessioninfo id="90a17a809e91-ff9f475f" start="1769165486473" dump="1769165509128"/><sessioninfo id="90a17a809e91-ff9f475f" start="1769165486473" dump="1769165509128"/><sessioninfo id="90a17a809e91-ff9f475f" start="1769165486473" dump="1769165509128"/><sessioninfo id="90a17a809e91-ff9f475f" start="1769165486473" dump="1769165509128"/><sessioninfo id="16fc5352814d-404d8948" start="1769165486487" dump="1769165509448"/><sessioninfo id="16fc5352814d-404d8948" start="1769165486487" dump="1769165509448"/><sessioninfo id="16fc5352814d-404d8948" start="1769165486487" dump="1769165509448"/><sessioninfo id="16fc5352814d-404d8948" start="1769165486487" dump="1769165509448"/><sessioninfo id="16fc5352814d-404d8948" start="1769165486487" dump="1769165509448"/><sessioninfo id="16fc5352814d-404d8948" start="1769165486487" dump="1769165509448"/><sessioninfo id="16fc5352814d-404d8948" start="1769165486487" dump="1769165509448"/><sessioninfo id="16fc5352814d-404d8948" start="1769165486487" dump="1769165509448"/><sessioninfo id="16fc5352814d-404d8948" start="1769165486487" dump="1769165509448"/><sessioninfo id="16fc5352814d-404d8948" start="1769165486487" dump="1769165509448"/><sessioninfo id="16fc5352814d-404d8948" start="1769165486487" dump="1769165509448"/><sessioninfo id="16fc5352814d-404d8948" start="1769165486487" dump="1769165509448"/><sessioninfo id="16fc5352814d-404d8948" start="1769165486487" dump="1769165509448"/><sessioninfo id="16fc5352814d-404d8948" start="1769165486487" dump="1769165509448"/><sessioninfo id="16fc5352814d-404d8948" start="1769165486487" dump="1769165509448"/><sessioninfo id="16fc5352814d-404d8948" start="1769165486487" dump="1769165509448"/><sessioninfo id="16fc5352814d-404d8948" start="1769165486487" dump="1769165509448"/><sessioninfo id="16fc5352814d-404d8948" start="1769165486487" dump="1769165509448"/><sessioninfo id="16fc5352814d-404d8948" start="1769165486487" dump="1769165509448"/><sessioninfo id="16fc5352814d-404d8948" start="1769165486487" dump="1769165509448"/><sessioninfo id="16fc5352814d-404d8948" start="1769165486487" dump="1769165509448"/><sessioninfo id="16fc5352814d-404d8948" start="1769165486487" dump="1769165509448"/><sessioninfo id="16fc5352814d-404d8948" start="1769165486487" dump="1769165509448"/><sessioninfo id="16fc5352814d-404d8948" start="1769165486487" dump="1769165509448"/><sessioninfo id="16fc5352814d-404d8948" start="1769165486487" dump="1769165509448"/><sessioninfo id="16fc5352814d-404d8948" start="1769165486487" dump="1769165509448"/><sessioninfo id="16fc5352814d-404d8948" start="1769165486487" dump="1769165509448"/><sessioninfo id="16fc5352814d-404d8948" start="1769165486487" dump="1769165509448"/><sessioninfo id="16fc5352814d-404d8948" start="1769165486487" dump="1769165509448"/><sessioninfo id="16fc5352814d-404d8948" start="1769165486487" dump="1769165509448"/><sessioninfo id="16fc5352814d-404d8948" start="1769165486487" dump="1769165509448"/><sessioninfo id="16fc5352814d-404d8948" start="1769165486487" dump="1769165509448"/><sessioninfo id="16fc5352814d-404d8948" start="1769165486487" dump="1769165509448"/><sessioninfo id="16fc5352814d-404d8948" start="1769165486487" dump="1769165509448"/><sessioninfo id="16fc5352814d-404d8948" start="1769165486487" dump="1769165509448"/><sessioninfo id="16fc5352814d-404d8948" start="1769165486487" dump="1769165509448"/><sessioninfo id="16fc5352814d-404d8948" start="1769165486487" dump="1769165509448"/><sessioninfo id="16fc5352814d-404d8948" start="1769165486487" dump="1769165509448"/><sessioninfo id="16fc5352814d-404d8948" start="1769165486487" dump="1769165509448"/><sessioninfo id="16fc5352814d-404d8948" start="1769165486487" dump="1769165509448"/><sessioninfo id="16fc5352814d-404d8948" start="1769165486487" dump="1769165509448"/><sessioninfo id="16fc5352814d-404d8948" start="1769165486487" dump="1769165509448"/><sessioninfo id="16fc5352814d-404d8948" start="1769165486487" dump="1769165509448"/><sessioninfo id="16fc5352814d-404d8948" start="1769165486487" dump="1769165509448"/><sessioninfo id="16fc5352814d-404d8948" start="1769165486487" dump="1769165509448"/><sessioninfo id="16fc5352814d-404d8948" start="1769165486487" dump="1769165509448"/><sessioninfo id="16fc5352814d-404d8948" start="1769165486487" dump="1769165509448"/><sessioninfo id="16fc5352814d-404d8948" start="1769165486487" dump="1769165509448"/><sessioninfo id="16fc5352814d-404d8948" start="1769165486487" dump="1769165509448"/><sessioninfo id="16fc5352814d-404d8948" start="1769165486487" dump="1769165509448"/><sessioninfo id="16fc5352814d-404d8948" start="1769165486487" dump="1769165509448"/><sessioninfo id="16fc5352814d-404d8948" start="1769165486487" dump="1769165509448"/><sessioninfo id="16fc5352814d-404d8948" start="1769165486487" dump="1769165509448"/><sessioninfo id="16fc5352814d-404d8948" start="1769165486487" dump="1769165509448"/><sessioninfo id="16fc5352814d-404d8948" start="1769165486487" dump="1769165509448"/><sessioninfo id="16fc5352814d-404d8948" start="1769165486487" dump="1769165509448"/><sessioninfo id="16fc5352814d-404d8948" start="1769165486487" dump="1769165509448"/><sessioninfo id="16fc5352814d-404d8948" start="1769165486487" dump="1769165509448"/><sessioninfo id="16fc5352814d-404d8948" start="1769165486487" dump="1769165509448"/><sessioninfo id="16fc5352814d-404d8948" start="1769165486487" dump="1769165509448"/><sessioninfo id="16fc5352814d-404d8948" start="1769165486487" dump="1769165509448"/><sessioninfo id="16fc5352814d-404d8948" start="1769165486487" dump="1769165509448"/><sessioninfo id="16fc5352814d-404d8948" start="1769165486487" dump="1769165509448"/><sessioninfo id="16fc5352814d-404d8948" start="1769165486487" dump="1769165509448"/><sessioninfo id="16fc5352814d-404d8948" start="1769165486487" dump="1769165509448"/><sessioninfo id="16fc5352814d-404d8948" start="1769165486487" dump="1769165509448"/><sessioninfo id="16fc5352814d-404d8948" start="1769165486487" dump="1769165509448"/><sessioninfo id="16fc5352814d-404d8948" start="1769165486487" dump="1769165509448"/><sessioninfo id="16fc5352814d-404d8948" start="1769165486487" dump="1769165509448"/><sessioninfo id="16fc5352814d-404d8948" start="1769165486487" dump="1769165509448"/><sessioninfo id="16fc5352814d-404d8948" start="1769165486487" dump="1769165509448"/><sessioninfo id="16fc5352814d-404d8948" start="1769165486487" dump="1769165509448"/><sessioninfo id="16fc5352814d-404d8948" start="1769165486487" dump="1769165509448"/><sessioninfo id="16fc5352814d-404d8948" start="1769165486487" dump="1769165509448"/><sessioninfo id="16fc5352814d-404d8948" start="1769165486487" dump="1769165509448"/><sessioninfo id="16fc5352814d-404d8948" start="1769165486487" dump="1769165509448"/><sessioninfo id="16fc5352814d-404d8948" start="1769165486487" dump="1769165509448"/><sessioninfo id="16fc5352814d-404d8948" start="1769165486487" dump="1769165509448"/><sessioninfo id="16fc5352814d-404d8948" start="1769165486487" dump="1769165509448"/><sessioninfo id="16fc5352814d-404d8948" start="1769165486487" dump="1769165509448"/><sessioninfo id="16fc5352814d-404d8948" start="1769165486487" dump="1769165509448"/><sessioninfo id="16fc5352814d-404d8948" start="1769165486487" dump="1769165509448"/><sessioninfo id="16fc5352814d-404d8948" start="1769165486487" dump="1769165509448"/><sessioninfo id="16fc5352814d-404d8948" start="1769165486487" dump="1769165509448"/><sessioninfo id="16fc5352814d-404d8948" start="1769165486487" dump="1769165509448"/><sessioninfo id="16fc5352814d-404d8948" start="1769165486487" dump="1769165509448"/><sessioninfo id="16fc5352814d-404d8948" start="1769165486487" dump="1769165509448"/><sessioninfo id="16fc5352814d-404d8948" start="1769165486487" dump="1769165509448"/><sessioninfo id="16fc5352814d-404d8948" start="1769165486487" dump="1769165509448"/><sessioninfo id="16fc5352814d-404d8948" start="1769165486487" dump="1769165509448"/><sessioninfo id="16fc5352814d-404d8948" start="1769165486487" dump="1769165509448"/><sessioninfo id="16fc5352814d-404d8948" start="1769165486487" dump="1769165509448"/><sessioninfo id="16fc5352814d-404d8948" start="1769165486487" dump="1769165509448"/><sessioninfo id="16fc5352814d-404d8948" start="1769165486487" dump="1769165509448"/><sessioninfo id="16fc5352814d-404d8948" start="1769165486487" dump="1769165509448"/><sessioninfo id="16fc5352814d-404d8948" start="1769165486487" dump="1769165509448"/><sessioninfo id="16fc5352814d-404d8948" start="1769165486487" dump="1769165509448"/><sessioninfo id="16fc5352814d-404d8948" start="1769165486487" dump="1769165509448"/><sessioninfo id="16fc5352814d-404d8948" start="1769165486487" dump="1769165509448"/><sessioninfo id="16fc5352814d-404d8948" start="1769165486487" dump="1769165509448"/><sessioninfo id="16fc5352814d-404d8948" start="1769165486487" dump="1769165509448"/><sessioninfo id="16fc5352814d-404d8948" start="1769165486487" dump="1769165509448"/><sessioninfo id="16fc5352814d-404d8948" start="1769165486487" dump="1769165509448"/><sessioninfo id="16fc5352814d-404d8948" start="1769165486487" dump="1769165509448"/><sessioninfo id="16fc5352814d-404d8948" start="1769165486487" dump="1769165509448"/><sessioninfo id="16fc5352814d-404d8948" start="1769165486487" dump="1769165509448"/><sessioninfo id="16fc5352814d-404d8948" start="1769165486487" dump="1769165509448"/><sessioninfo id="16fc5352814d-404d8948" start="1769165486487" dump="1769165509448"/><sessioninfo id="16fc5352814d-404d8948" start="1769165486487" dump="1769165509448"/><sessioninfo id="16fc5352814d-404d8948" start="1769165486487" dump="1769165509448"/><sessioninfo id="16fc5352814d-404d8948" start="1769165486487" dump="1769165509448"/><sessioninfo id="16fc5352814d-404d8948" start="1769165486487" dump="1769165509448"/><sessioninfo id="16fc5352814d-404d8948" start="1769165486487" dump="1769165509448"/><sessioninfo id="16fc5352814d-404d8948" start="1769165486487" dump="1769165509448"/><sessioninfo id="16fc5352814d-404d8948" start="1769165486487" dump="1769165509448"/><sessioninfo id="16fc5352814d-404d8948" start="1769165486487" dump="1769165509448"/><sessioninfo id="16fc5352814d-404d8948" start="1769165486487" dump="1769165509448"/><sessioninfo id="16fc5352814d-404d8948" start="1769165486487" dump="1769165509448"/><sessioninfo id="16fc5352814d-404d8948" start="1769165486487" dump="1769165509448"/><sessioninfo id="16fc5352814d-404d8948" start="1769165486487" dump="1769165509448"/><sessioninfo id="16fc5352814d-404d8948" start="1769165486487" dump="1769165509448"/><sessioninfo id="16fc5352814d-404d8948" start="1769165486487" dump="1769165509448"/><sessioninfo id="16fc5352814d-404d8948" start="1769165486487" dump="1769165509448"/><sessioninfo id="16fc5352814d-404d8948" start="1769165486487" dump="1769165509448"/><sessioninfo id="16fc5352814d-404d8948" start="1769165486487" dump="1769165509448"/><sessioninfo id="16fc5352814d-404d8948" start="1769165486487" dump="1769165509448"/><sessioninfo id="16fc5352814d-404d8948" start="1769165486487" dump="1769165509448"/><sessioninfo id="16fc5352814d-404d8948" start="1769165486487" dump="1769165509448"/><sessioninfo id="a2d23ab3c47a-6630fa39" start="1769165486498" dump="1769165509634"/><sessioninfo id="a2d23ab3c47a-6630fa39" start="1769165486498" dump="1769165509634"/><sessioninfo id="1c1b584280b8-78d5e40" start="1769165486604" dump="1769165509634"/><sessioninfo id="b6fc8c6a71c0-c0fda939" start="1769165486642" dump="1769165509647"/><sessioninfo id="b6fc8c6a71c0-c0fda939" start="1769165486642" dump="1769165509647"/><sessioninfo id="b6fc8c6a71c0-c0fda939" start="1769165486642" dump="1769165509647"/><sessioninfo id="b6fc8c6a71c0-c0fda939" start="1769165486642" dump="1769165509647"/><sessioninfo id="b6fc8c6a71c0-c0fda939" start="1769165486642" dump="1769165509647"/><sessioninfo id="b6fc8c6a71c0-c0fda939" start="1769165486642" dump="1769165509647"/><sessioninfo id="b6fc8c6a71c0-c0fda939" start="1769165486642" dump="1769165509647"/><sessioninfo id="b6fc8c6a71c0-c0fda939" start="1769165486642" dump="1769165509647"/><sessioninfo id="7b0243528f46-fa40aaf9" start="1769165486623" dump="1769165509650"/><sessioninfo id="7b0243528f46-fa40aaf9" start="1769165486623" dump="1769165509650"/><sessioninfo id="7b0243528f46-fa40aaf9" start="1769165486623" dump="1769165509650"/><sessioninfo id="7b0243528f46-fa40aaf9" start="1769165486623" dump="1769165509650"/><package name="dtu/businesslogic"><class name="dtu/businesslogic/ReportManagerService" sourcefilename="ReportManagerService.java"><method name="&lt;init&gt;" desc="(Lmessaging/MessageQueue;)V" line="20"><counter type="INSTRUCTION" missed="0" covered="68"/><counter type="LINE" missed="0" covered="17"/><counter type="COMPLEXITY" missed="0" covered="1"/><counter type="METHOD" missed="0" covered="1"/></method><method name="commandReportCreated" desc="(Lmessaging/Event;)V" line="44"><counter type="INSTRUCTION" missed="5" covered="34"/><counter type="BRANCH" missed="0" covered="4"/><counter type="LINE" missed="2" covered="9"/><counter type="COMPLEXITY" missed="0" covered="3"/><counter type="METHOD" missed="0" covered="1"/></method><method name="commandGetReportHistory" desc="(Lmessaging/Event;)V" line="60"><counter type="INSTRUCTION" missed="18" covered="75"/><counter type="BRANCH" missed="6" covered="6"/><counter type="LINE" missed="5" covered="20"/><counter type="COMPLEXITY" missed="4" covered="3"/><counter type="METHOD" missed="0" covered="1"/></method><method name="parseAccountId" desc="(Lmessaging/Event;)Ldtu/aggregate/AccountId;" line="98"><counter type="INSTRUCTION" missed="76" covered="20"/><counter type="BRANCH" missed="12" covered="2"/><counter type="LINE" missed="14" covered="5"/><counter type="COMPLEXITY" missed="7" covered="1"/><counter type="METHOD" missed="0" covered="1"/></method><counter type="INSTRUCTION" missed="99" covered="197"/><counter type="BRANCH" missed="18" covered="12"/><counter type="LINE" missed="21" covered="51"/><counter type="COMPLEXITY" missed="11" covered="8"/><counter type="METHOD" missed="0" covered="4"/><counter type="CLASS" missed="0" covered="1"/></class><class name="dtu/businesslogic/StartUp" sourcefilename="StartUp.java"><method name="&lt;init&gt;" desc="()V" line="5"><counter type="INSTRUCTION" missed="0" covered="3"/><counter type="LINE" missed="0" covered="1"/><counter type="COMPLEXITY" missed="0" covered="1"/><counter type="METHOD" missed="0" covered="1"/></method><method name="main" desc="([Ljava/lang/String;)V" line="7"><counter type="INSTRUCTION" missed="5" covered="0"/><counter type="LINE" missed="2" covered="0"/><counter type="COMPLEXITY" missed="1" covered="0"/><counter type="METHOD" missed="1" covered="0"/></method><method name="startUp" desc="()V" line="11"><counter type="INSTRUCTION" missed="6" covered="19"/><counter type="LINE" missed="3" covered="5"/><counter type="COMPLEXITY" missed="0" covered="1"/><counter type="METHOD" missed="0" covered="1"/></method><counter type="INSTRUCTION" missed="11" covered="22"/><counter type="LINE" missed="5" covered="6"/><counter type="COMPLEXITY" missed="1" covered="2"/><counter type="METHOD" missed="1" covered="2"/><counter type="CLASS" missed="0" covered="1"/></class><class name="dtu/businesslogic/AccountManagerService" sourcefilename="AccountManagerService.java"><method name="&lt;init&gt;" desc="(Lmessaging/MessageQueue;)V" line="23"><counter type="INSTRUCTION" missed="0" covered="71"/><counter type="LINE" missed="0" covered="14"/><counter type="COMPLEXITY" missed="0" covered="1"/><counter type="METHOD" missed="0" covered="1"/></method><method name="policyCustomerRegistrationRequested" desc="(Lmessaging/Event;)V" line="41"><counter type="INSTRUCTION" missed="0" covered="63"/><counter type="BRANCH" missed="0" covered="2"/><counter type="LINE" missed="0" covered="11"/><counter type="COMPLEXITY" missed="0" covered="2"/><counter type="METHOD" missed="0" covered="1"/></method><method name="policyMerchantRegistrationRequested" desc="(Lmessaging/Event;)V" line="58"><counter type="INSTRUCTION" missed="0" covered="63"/><counter type="BRANCH" missed="0" covered="2"/><counter type="LINE" missed="0" covered="11"/><counter type="COMPLEXITY" missed="0" covered="2"/><counter type="METHOD" missed="0" covered="1"/></method><method name="commandMerchantDeregisteredRequest" desc="(Lmessaging/Event;)V" line="76"><counter type="INSTRUCTION" missed="0" covered="29"/><counter type="LINE" missed="0" covered="6"/><counter type="COMPLEXITY" missed="0" covered="1"/><counter type="METHOD" missed="0" covered="1"/></method><method name="commandCustomerDeregisteredRequest" desc="(Lmessaging/Event;)V" line="85"><counter type="INSTRUCTION" missed="0" covered="29"/><counter type="LINE" missed="0" covered="6"/><counter type="COMPLEXITY" missed="0" covered="1"/><counter type="METHOD" missed="0" covered="1"/></method><method name="commandValidateMidRequest" desc="(Lmessaging/Event;)V" line="94"><counter type="INSTRUCTION" missed="0" covered="18"/><counter type="LINE" missed="0" covered="4"/><counter type="COMPLEXITY" missed="0" covered="1"/><counter type="METHOD" missed="0" covered="1"/></method><method name="commandValidateCidRequest" desc="(Lmessaging/Event;)V" line="112"><counter type="INSTRUCTION" missed="0" covered="18"/><counter type="LINE" missed="0" covered="4"/><counter type="COMPLEXITY" missed="0" covered="1"/><counter type="METHOD" missed="0" covered="1"/></method><method name="commandRegisterCustomer" desc="(Ljava/lang/String;Ljava/lang/String;Ljava/lang/String;Ljava/lang/String;Ljava/lang/String;)V" line="131"><counter type="INSTRUCTION" missed="0" covered="12"/><counter type="LINE" missed="0" covered="3"/><counter type="COMPLEXITY" missed="0" covered="1"/><counter type="METHOD" missed="0" covered="1"/></method><method name="commandRegisterMerchant" desc="(Ljava/lang/String;Ljava/lang/String;Ljava/lang/String;Ljava/lang/String;Ljava/lang/String;)V" line="137"><counter type="INSTRUCTION" missed="0" covered="12"/><counter type="LINE" missed="0" covered="3"/><counter type="COMPLEXITY" missed="0" covered="1"/><counter type="METHOD" missed="0" covered="1"/></method><method name="commandProvideBankAccountDetails" desc="(Ljava/lang/String;Ljava/lang/String;Ljava/lang/String;)V" line="143"><counter type="INSTRUCTION" missed="22" covered="0"/><counter type="LINE" missed="2" covered="0"/><counter type="COMPLEXITY" missed="1" covered="0"/><counter type="METHOD" missed="1" covered="0"/></method><method name="updateValidationState" desc="(Ljava/lang/String;Ljava/util/function/Consumer;)V" line="147"><counter type="INSTRUCTION" missed="50" covered="75"/><counter type="BRANCH" missed="2" covered="4"/><counter type="LINE" missed="4" covered="13"/><counter type="COMPLEXITY" missed="2" covered="2"/><counter type="METHOD" missed="0" covered="1"/></method><method name="lambda$updateValidationState$2" desc="(Ljava/lang/String;)Ldtu/aggregate/ConcurrentIdState;" line="147"><counter type="INSTRUCTION" missed="0" covered="4"/><counter type="LINE" missed="0" covered="1"/><counter type="COMPLEXITY" missed="0" covered="1"/><counter type="METHOD" missed="0" covered="1"/></method><method name="lambda$commandValidateCidRequest$1" desc="(Ljava/lang/String;Ldtu/aggregate/ConcurrentIdState;)V" line="125"><counter type="INSTRUCTION" missed="0" covered="4"/><counter type="LINE" missed="0" covered="2"/><counter type="COMPLEXITY" missed="0" covered="1"/><counter type="METHOD" missed="0" covered="1"/></method><method name="lambda$commandValidateMidRequest$0" desc="(Ljava/lang/String;Ldtu/aggregate/ConcurrentIdState;)V" line="107"><counter type="INSTRUCTION" missed="0" covered="4"/><counter type="LINE" missed="0" covered="2"/><counter type="COMPLEXITY" missed="0" covered="1"/><counter type="METHOD" missed="0" covered="1"/></method><counter type="INSTRUCTION" missed="72" covered="402"/><counter type="BRANCH" missed="2" covered="8"/><counter type="LINE" missed="6" covered="79"/><counter type="COMPLEXITY" missed="3" covered="16"/><counter type="METHOD" missed="1" covered="13"/><counter type="CLASS" missed="0" covered="1"/></class><class name="dtu/businesslogic/TokenManagerService" sourcefilename="TokenManagerService.java"><method name="&lt;init&gt;" desc="(Lmessaging/MessageQueue;)V" line="23"><counter type="INSTRUCTION" missed="0" covered="15"/><counter type="LINE" missed="0" covered="4"/><counter type="COMPLEXITY" missed="0" covered="1"/><counter type="METHOD" missed="0" covered="1"/></method><method name="&lt;init&gt;" desc="()V" line="29"><counter type="INSTRUCTION" missed="6" covered="0"/><counter type="LINE" missed="2" covered="0"/><counter type="COMPLEXITY" missed="1" covered="0"/><counter type="METHOD" missed="1" covered="0"/></method><method name="createTokens" desc="(Ljava/util/UUID;I)Ljava/util/List;" line="33"><counter type="INSTRUCTION" missed="5" covered="40"/><counter type="BRANCH" missed="1" covered="3"/><counter type="LINE" missed="1" covered="9"/><counter type="COMPLEXITY" missed="1" covered="2"/><counter type="METHOD" missed="0" covered="1"/></method><method name="hasActiveTokens" desc="(Ljava/util/UUID;)Z" line="51"><counter type="INSTRUCTION" missed="0" covered="8"/><counter type="LINE" missed="0" covered="1"/><counter type="COMPLEXITY" missed="0" covered="1"/><counter type="METHOD" missed="0" covered="1"/></method><method name="getTokens" desc="(Ljava/util/UUID;)Ljava/util/List;" line="55"><counter type="INSTRUCTION" missed="14" covered="0"/><counter type="LINE" missed="4" covered="0"/><counter type="COMPLEXITY" missed="1" covered="0"/><counter type="METHOD" missed="1" covered="0"/></method><method name="findOwner" desc="(Ljava/lang/String;)Ljava/util/Optional;" line="62"><counter type="INSTRUCTION" missed="10" covered="0"/><counter type="LINE" missed="2" covered="0"/><counter type="COMPLEXITY" missed="1" covered="0"/><counter type="METHOD" missed="1" covered="0"/></method><method name="reserveToken" desc="(Ljava/lang/String;)Ljava/util/Optional;" line="67"><counter type="INSTRUCTION" missed="7" covered="48"/><counter type="BRANCH" missed="2" covered="6"/><counter type="LINE" missed="4" covered="11"/><counter type="COMPLEXITY" missed="2" covered="3"/><counter type="METHOD" missed="0" covered="1"/></method><method name="releaseToken" desc="(Ljava/lang/String;)Z" line="92"><counter type="INSTRUCTION" missed="3" covered="31"/><counter type="BRANCH" missed="1" covered="3"/><counter type="LINE" missed="2" covered="8"/><counter type="COMPLEXITY" missed="1" covered="2"/><counter type="METHOD" missed="0" covered="1"/></method><method name="consumeToken" desc="(Ljava/lang/String;)Z" line="109"><counter type="INSTRUCTION" missed="10" covered="33"/><counter type="BRANCH" missed="3" covered="3"/><counter type="LINE" missed="5" covered="9"/><counter type="COMPLEXITY" missed="3" covered="1"/><counter type="METHOD" missed="0" covered="1"/></method><method name="isInvalidated" desc="(Ljava/lang/String;)Z" line="131"><counter type="INSTRUCTION" missed="0" covered="8"/><counter type="LINE" missed="0" covered="1"/><counter type="COMPLEXITY" missed="0" covered="1"/><counter type="METHOD" missed="0" covered="1"/></method><method name="invalidateTokensForCustomer" desc="(Ljava/util/UUID;)V" line="135"><counter type="INSTRUCTION" missed="0" covered="38"/><counter type="BRANCH" missed="0" covered="2"/><counter type="LINE" missed="0" covered="8"/><counter type="COMPLEXITY" missed="0" covered="2"/><counter type="METHOD" missed="0" covered="1"/></method><method name="invalidateToken" desc="(Ldtu/aggregate/TokenId;)V" line="146"><counter type="INSTRUCTION" missed="2" covered="24"/><counter type="BRANCH" missed="2" covered="2"/><counter type="LINE" missed="2" covered="7"/><counter type="COMPLEXITY" missed="2" covered="1"/><counter type="METHOD" missed="0" covered="1"/></method><method name="generateUniqueToken" desc="()Ljava/lang/String;" line="160"><counter type="INSTRUCTION" missed="4" covered="14"/><counter type="BRANCH" missed="1" covered="1"/><counter type="LINE" missed="1" covered="3"/><counter type="COMPLEXITY" missed="1" covered="1"/><counter type="METHOD" missed="0" covered="1"/></method><counter type="INSTRUCTION" missed="61" covered="259"/><counter type="BRANCH" missed="10" covered="20"/><counter type="LINE" missed="23" covered="61"/><counter type="COMPLEXITY" missed="13" covered="15"/><counter type="METHOD" missed="3" covered="10"/><counter type="CLASS" missed="0" covered="1"/></class><sourcefile name="AccountManagerService.java"><line nr="23" mi="0" ci="5" mb="0" cb="0"/><line nr="25" mi="0" ci="2" mb="0" cb="0"/><line nr="26" mi="0" ci="3" mb="0" cb="0"/><line nr="27" mi="0" ci="6" mb="0" cb="0"/><line nr="28" mi="0" ci="6" mb="0" cb="0"/><line nr="29" mi="0" ci="6" mb="0" cb="0"/><line nr="30" mi="0" ci="6" mb="0" cb="0"/><line nr="31" mi="0" ci="6" mb="0" cb="0"/><line nr="32" mi="0" ci="6" mb="0" cb="0"/><line nr="33" mi="0" ci="6" mb="0" cb="0"/><line nr="34" mi="0" ci="6" mb="0" cb="0"/><line nr="36" mi="0" ci="6" mb="0" cb="0"/><line nr="37" mi="0" ci="6" mb="0" cb="0"/><line nr="38" mi="0" ci="1" mb="0" cb="0"/><line nr="41" mi="0" ci="6" mb="0" cb="0"/><line nr="42" mi="0" ci="6" mb="0" cb="0"/><line nr="43" mi="0" ci="6" mb="0" cb="0"/><line nr="44" mi="0" ci="6" mb="0" cb="0"/><line nr="45" mi="0" ci="6" mb="0" cb="0"/><line nr="47" mi="0" ci="5" mb="0" cb="0"/><line nr="48" mi="0" ci="2" mb="0" cb="2"/><line nr="49" mi="0" ci="17" mb="0" cb="0"/><line nr="51" mi="0" ci="1" mb="0" cb="0"/><line nr="54" mi="0" ci="7" mb="0" cb="0"/><line nr="55" mi="0" ci="1" mb="0" cb="0"/><line nr="58" mi="0" ci="6" mb="0" cb="0"/><line nr="59" mi="0" ci="6" mb="0" cb="0"/><line nr="60" mi="0" ci="6" mb="0" cb="0"/><line nr="61" mi="0" ci="6" mb="0" cb="0"/><line nr="62" mi="0" ci="6" mb="0" cb="0"/><line nr="64" mi="0" ci="5" mb="0" cb="0"/><line nr="65" mi="0" ci="2" mb="0" cb="2"/><line nr="66" mi="0" ci="17" mb="0" cb="0"/><line nr="68" mi="0" ci="1" mb="0" cb="0"/><line nr="71" mi="0" ci="7" mb="0" cb="0"/><line nr="72" mi="0" ci="1" mb="0" cb="0"/><line nr="76" mi="0" ci="6" mb="0" cb="0"/><line nr="77" mi="0" ci="6" mb="0" cb="0"/><line nr="79" mi="0" ci="9" mb="0" cb="0"/><line nr="80" mi="0" ci="3" mb="0" cb="0"/><line nr="81" mi="0" ci="4" mb="0" cb="0"/><line nr="82" mi="0" ci="1" mb="0" cb="0"/><line nr="85" mi="0" ci="6" mb="0" cb="0"/><line nr="86" mi="0" ci="6" mb="0" cb="0"/><line nr="88" mi="0" ci="9" mb="0" cb="0"/><line nr="89" mi="0" ci="3" mb="0" cb="0"/><line nr="90" mi="0" ci="4" mb="0" cb="0"/><line nr="91" mi="0" ci="1" mb="0" cb="0"/><line nr="94" mi="0" ci="6" mb="0" cb="0"/><line nr="95" mi="0" ci="6" mb="0" cb="0"/><line nr="106" mi="0" ci="5" mb="0" cb="0"/><line nr="107" mi="0" ci="3" mb="0" cb="0"/><line nr="108" mi="0" ci="1" mb="0" cb="0"/><line nr="109" mi="0" ci="1" mb="0" cb="0"/><line nr="112" mi="0" ci="6" mb="0" cb="0"/><line nr="113" mi="0" ci="6" mb="0" cb="0"/><line nr="124" mi="0" ci="5" mb="0" cb="0"/><line nr="125" mi="0" ci="3" mb="0" cb="0"/><line nr="126" mi="0" ci="1" mb="0" cb="0"/><line nr="127" mi="0" ci="1" mb="0" cb="0"/><line nr="131" mi="0" ci="7" mb="0" cb="0"/><line nr="132" mi="0" ci="4" mb="0" cb="0"/><line nr="133" mi="0" ci="1" mb="0" cb="0"/><line nr="137" mi="0" ci="7" mb="0" cb="0"/><line nr="138" mi="0" ci="4" mb="0" cb="0"/><line nr="139" mi="0" ci="1" mb="0" cb="0"/><line nr="143" mi="21" ci="0" mb="0" cb="0"/><line nr="144" mi="1" ci="0" mb="0" cb="0"/><line nr="147" mi="0" ci="11" mb="0" cb="0"/><line nr="148" mi="0" ci="4" mb="0" cb="0"/><line nr="149" mi="0" ci="3" mb="0" cb="0"/><line nr="150" mi="0" ci="3" mb="0" cb="2"/><line nr="151" mi="0" ci="5" mb="0" cb="0"/><line nr="152" mi="0" ci="10" mb="0" cb="0"/><line nr="153" mi="0" ci="10" mb="0" cb="0"/><line nr="154" mi="0" ci="4" mb="2" cb="2"/><line nr="155" mi="17" ci="0" mb="0" cb="0"/><line nr="156" mi="13" ci="0" mb="0" cb="0"/><line nr="157" mi="17" ci="0" mb="0" cb="0"/><line nr="158" mi="3" ci="0" mb="0" cb="0"/><line nr="160" mi="0" ci="15" mb="0" cb="0"/><line nr="163" mi="0" ci="6" mb="0" cb="0"/><line nr="164" mi="0" ci="4" mb="0" cb="0"/><line nr="166" mi="0" ci="3" mb="0" cb="0"/><line nr="167" mi="0" ci="1" mb="0" cb="0"/><counter type="INSTRUCTION" missed="72" covered="402"/><counter type="BRANCH" missed="2" covered="8"/><counter type="LINE" missed="6" covered="79"/><counter type="COMPLEXITY" missed="3" covered="16"/><counter type="METHOD" missed="1" covered="13"/><counter type="CLASS" missed="0" covered="1"/></sourcefile><sourcefile name="ReportManagerService.java"><line nr="20" mi="0" ci="3" mb="0" cb="0"/><line nr="21" mi="0" ci="3" mb="0" cb="0"/><line nr="22" mi="0" ci="3" mb="0" cb="0"/><line nr="23" mi="0" ci="3" mb="0" cb="0"/><line nr="24" mi="0" ci="3" mb="0" cb="0"/><line nr="25" mi="0" ci="3" mb="0" cb="0"/><line nr="27" mi="0" ci="2" mb="0" cb="0"/><line nr="28" mi="0" ci="3" mb="0" cb="0"/><line nr="29" mi="0" ci="7" mb="0" cb="0"/><line nr="30" mi="0" ci="7" mb="0" cb="0"/><line nr="33" mi="0" ci="5" mb="0" cb="0"/><line nr="34" mi="0" ci="5" mb="0" cb="0"/><line nr="35" mi="0" ci="5" mb="0" cb="0"/><line nr="38" mi="0" ci="5" mb="0" cb="0"/><line nr="39" mi="0" ci="5" mb="0" cb="0"/><line nr="40" mi="0" ci="5" mb="0" cb="0"/><line nr="41" mi="0" ci="1" mb="0" cb="0"/><line nr="44" mi="0" ci="6" mb="0" cb="0"/><line nr="45" mi="0" ci="4" mb="0" cb="0"/><line nr="47" mi="0" ci="3" mb="0" cb="0"/><line nr="48" mi="0" ci="4" mb="0" cb="2"/><line nr="49" mi="0" ci="3" mb="0" cb="0"/><line nr="50" mi="0" ci="4" mb="0" cb="2"/><line nr="51" mi="0" ci="3" mb="0" cb="0"/><line nr="53" mi="0" ci="2" mb="0" cb="0"/><line nr="55" mi="0" ci="5" mb="0" cb="0"/><line nr="56" mi="4" ci="0" mb="0" cb="0"/><line nr="57" mi="1" ci="0" mb="0" cb="0"/><line nr="60" mi="0" ci="3" mb="0" cb="0"/><line nr="61" mi="0" ci="6" mb="0" cb="0"/><line nr="64" mi="0" ci="4" mb="0" cb="2"/><line nr="65" mi="0" ci="2" mb="0" cb="0"/><line nr="66" mi="0" ci="3" mb="0" cb="0"/><line nr="67" mi="0" ci="4" mb="0" cb="2"/><line nr="68" mi="0" ci="2" mb="0" cb="0"/><line nr="69" mi="0" ci="3" mb="0" cb="0"/><line nr="70" mi="0" ci="4" mb="1" cb="1"/><line nr="71" mi="0" ci="2" mb="0" cb="0"/><line nr="72" mi="0" ci="3" mb="0" cb="0"/><line nr="74" mi="1" ci="0" mb="0" cb="0"/><line nr="79" mi="0" ci="4" mb="0" cb="0"/><line nr="80" mi="0" ci="5" mb="0" cb="0"/><line nr="81" mi="7" ci="2" mb="5" cb="1"/><line nr="82" mi="0" ci="5" mb="0" cb="0"/><line nr="83" mi="4" ci="0" mb="0" cb="0"/><line nr="84" mi="2" ci="0" mb="0" cb="0"/><line nr="86" mi="3" ci="0" mb="0" cb="0"/><line nr="87" mi="0" ci="1" mb="0" cb="0"/><line nr="88" mi="0" ci="2" mb="0" cb="0"/><line nr="89" mi="1" ci="0" mb="0" cb="0"/><line nr="91" mi="0" ci="15" mb="0" cb="0"/><line nr="92" mi="0" ci="4" mb="0" cb="0"/><line nr="93" mi="0" ci="1" mb="0" cb="0"/><line nr="98" mi="0" ci="5" mb="0" cb="0"/><line nr="99" mi="1" ci="0" mb="0" cb="0"/><line nr="100" mi="6" ci="0" mb="0" cb="0"/><line nr="101" mi="0" ci="1" mb="0" cb="0"/><line nr="102" mi="0" ci="2" mb="1" cb="1"/><line nr="103" mi="5" ci="0" mb="0" cb="0"/><line nr="105" mi="0" ci="6" mb="1" cb="1"/><line nr="106" mi="0" ci="6" mb="0" cb="0"/><line nr="108" mi="6" ci="0" mb="2" cb="0"/><line nr="109" mi="5" ci="0" mb="0" cb="0"/><line nr="111" mi="6" ci="0" mb="2" cb="0"/><line nr="112" mi="4" ci="0" mb="0" cb="0"/><line nr="113" mi="2" ci="0" mb="2" cb="0"/><line nr="114" mi="7" ci="0" mb="0" cb="0"/><line nr="116" mi="4" ci="0" mb="0" cb="0"/><line nr="117" mi="4" ci="0" mb="0" cb="0"/><line nr="118" mi="6" ci="0" mb="4" cb="0"/><line nr="119" mi="13" ci="0" mb="0" cb="0"/><line nr="122" mi="7" ci="0" mb="0" cb="0"/><counter type="INSTRUCTION" missed="99" covered="197"/><counter type="BRANCH" missed="18" covered="12"/><counter type="LINE" missed="21" covered="51"/><counter type="COMPLEXITY" missed="11" covered="8"/><counter type="METHOD" missed="0" covered="4"/><counter type="CLASS" missed="0" covered="1"/></sourcefile><sourcefile name="TokenManagerService.java"><line nr="23" mi="0" ci="2" mb="0" cb="0"/><line nr="24" mi="0" ci="6" mb="0" cb="0"/><line nr="25" mi="0" ci="6" mb="0" cb="0"/><line nr="26" mi="0" ci="1" mb="0" cb="0"/><line nr="29" mi="5" ci="0" mb="0" cb="0"/><line nr="30" mi="1" ci="0" mb="0" cb="0"/><line nr="33" mi="0" ci="2" mb="1" cb="1"/><line nr="34" mi="5" ci="0" mb="0" cb="0"/><line nr="37" mi="0" ci="5" mb="0" cb="0"/><line nr="38" mi="0" ci="5" mb="0" cb="0"/><line nr="40" mi="0" ci="7" mb="0" cb="2"/><line nr="41" mi="0" ci="6" mb="0" cb="0"/><line nr="42" mi="0" ci="4" mb="0" cb="0"/><line nr="43" mi="0" ci="4" mb="0" cb="0"/><line nr="44" mi="0" ci="5" mb="0" cb="0"/><line nr="47" mi="0" ci="2" mb="0" cb="0"/><line nr="51" mi="0" ci="8" mb="0" cb="0"/><line nr="55" mi="8" ci="0" mb="0" cb="0"/><line nr="56" mi="2" ci="0" mb="0" cb="0"/><line nr="57" mi="1" ci="0" mb="0" cb="0"/><line nr="58" mi="3" ci="0" mb="0" cb="0"/><line nr="62" mi="9" ci="0" mb="0" cb="0"/><line nr="63" mi="1" ci="0" mb="0" cb="0"/><line nr="67" mi="0" ci="5" mb="0" cb="0"/><line nr="68" mi="0" ci="5" mb="1" cb="1"/><line nr="69" mi="2" ci="0" mb="0" cb="0"/><line nr="71" mi="0" ci="5" mb="0" cb="0"/><line nr="72" mi="0" ci="6" mb="0" cb="4"/><line nr="73" mi="0" ci="2" mb="0" cb="0"/><line nr="76" mi="0" ci="5" mb="0" cb="0"/><line nr="77" mi="0" ci="3" mb="1" cb="1"/><line nr="78" mi="2" ci="0" mb="0" cb="0"/><line nr="82" mi="0" ci="5" mb="0" cb="0"/><line nr="83" mi="0" ci="2" mb="0" cb="0"/><line nr="84" mi="0" ci="4" mb="0" cb="0"/><line nr="85" mi="0" ci="6" mb="0" cb="0"/><line nr="86" mi="1" ci="0" mb="0" cb="0"/><line nr="87" mi="2" ci="0" mb="0" cb="0"/><line nr="92" mi="0" ci="5" mb="0" cb="0"/><line nr="93" mi="0" ci="5" mb="0" cb="0"/><line nr="94" mi="0" ci="6" mb="1" cb="3"/><line nr="95" mi="0" ci="2" mb="0" cb="0"/><line nr="99" mi="0" ci="5" mb="0" cb="0"/><line nr="100" mi="0" ci="2" mb="0" cb="0"/><line nr="101" mi="0" ci="4" mb="0" cb="0"/><line nr="102" mi="0" ci="2" mb="0" cb="0"/><line nr="103" mi="1" ci="0" mb="0" cb="0"/><line nr="104" mi="2" ci="0" mb="0" cb="0"/><line nr="109" mi="0" ci="5" mb="0" cb="0"/><line nr="110" mi="0" ci="5" mb="0" cb="0"/><line nr="111" mi="0" ci="2" mb="1" cb="1"/><line nr="112" mi="2" ci="0" mb="0" cb="0"/><line nr="116" mi="0" ci="5" mb="0" cb="0"/><line nr="117" mi="0" ci="4" mb="1" cb="1"/><line nr="118" mi="3" ci="0" mb="0" cb="0"/><line nr="119" mi="0" ci="4" mb="1" cb="1"/><line nr="120" mi="2" ci="0" mb="0" cb="0"/><line nr="122" mi="0" ci="2" mb="0" cb="0"/><line nr="123" mi="0" ci="4" mb="0" cb="0"/><line nr="124" mi="0" ci="2" mb="0" cb="0"/><line nr="125" mi="1" ci="0" mb="0" cb="0"/><line nr="126" mi="2" ci="0" mb="0" cb="0"/><line nr="131" mi="0" ci="8" mb="0" cb="0"/><line nr="135" mi="0" ci="5" mb="0" cb="0"/><line nr="136" mi="0" ci="4" mb="0" cb="0"/><line nr="137" mi="0" ci="7" mb="0" cb="0"/><line nr="138" mi="0" ci="7" mb="0" cb="0"/><line nr="140" mi="0" ci="10" mb="0" cb="2"/><line nr="141" mi="0" ci="3" mb="0" cb="0"/><line nr="142" mi="0" ci="1" mb="0" cb="0"/><line nr="143" mi="0" ci="1" mb="0" cb="0"/><line nr="146" mi="0" ci="5" mb="0" cb="0"/><line nr="147" mi="0" ci="6" mb="2" cb="2"/><line nr="148" mi="1" ci="0" mb="0" cb="0"/><line nr="151" mi="0" ci="5" mb="0" cb="0"/><line nr="152" mi="0" ci="2" mb="0" cb="0"/><line nr="153" mi="0" ci="4" mb="0" cb="0"/><line nr="154" mi="1" ci="0" mb="0" cb="0"/><line nr="156" mi="0" ci="1" mb="0" cb="0"/><line nr="157" mi="0" ci="1" mb="0" cb="0"/><line nr="160" mi="0" ci="3" mb="0" cb="0"/><line nr="161" mi="0" ci="9" mb="1" cb="1"/><line nr="162" mi="4" ci="0" mb="0" cb="0"/><line nr="164" mi="0" ci="2" mb="0" cb="0"/><counter type="INSTRUCTION" missed="61" covered="259"/><counter type="BRANCH" missed="10" covered="20"/><counter type="LINE" missed="23" covered="61"/><counter type="COMPLEXITY" missed="13" covered="15"/><counter type="METHOD" missed="3" covered="10"/><counter type="CLASS" missed="0" covered="1"/></sourcefile><sourcefile name="StartUp.java"><line nr="5" mi="0" ci="3" mb="0" cb="0"/><line nr="7" mi="4" ci="0" mb="0" cb="0"/><line nr="8" mi="1" ci="0" mb="0" cb="0"/><line nr="11" mi="0" ci="3" mb="0" cb="0"/><line nr="12" mi="0" ci="4" mb="0" cb="0"/><line nr="13" mi="0" ci="5" mb="0" cb="0"/><line nr="14" mi="0" ci="3" mb="0" cb="0"/><line nr="17" mi="0" ci="4" mb="0" cb="0"/><line nr="18" mi="2" ci="0" mb="0" cb="0"/><line nr="19" mi="3" ci="0" mb="0" cb="0"/><line nr="20" mi="1" ci="0" mb="0" cb="0"/><counter type="INSTRUCTION" missed="11" covered="22"/><counter type="LINE" missed="5" covered="6"/><counter type="COMPLEXITY" missed="1" covered="2"/><counter type="METHOD" missed="1" covered="2"/><counter type="CLASS" missed="0" covered="1"/></sourcefile><counter type="INSTRUCTION" missed="243" covered="880"/><counter type="BRANCH" missed="30" covered="40"/><counter type="LINE" missed="55" covered="197"/><counter type="COMPLEXITY" missed="28" covered="41"/><counter type="METHOD" missed="5" covered="29"/><counter type="CLASS" missed="0" covered="4"/></package><package name="dtu/pay/repositories"><class name="dtu/pay/repositories/PaymentReadModelRepository" sourcefilename="PaymentReadModelRepository.java"><method name="&lt;init&gt;" desc="(Lmessaging/MessageQueue;)V" line="14"><counter type="INSTRUCTION" missed="0" covered="46"/><counter type="LINE" missed="0" covered="10"/><counter type="COMPLEXITY" missed="0" covered="1"/><counter type="METHOD" missed="0" covered="1"/></method><method name="getPayments" desc="()Ljava/util/concurrent/ConcurrentHashMap;" line="27"><counter type="INSTRUCTION" missed="0" covered="3"/><counter type="LINE" missed="0" covered="1"/><counter type="COMPLEXITY" missed="0" covered="1"/><counter type="METHOD" missed="0" covered="1"/></method><method name="getPendingPaymentId" desc="(Ljava/lang/String;)Ldtu/pay/aggregate/PaymentId;" line="31"><counter type="INSTRUCTION" missed="2" covered="8"/><counter type="BRANCH" missed="1" covered="1"/><counter type="LINE" missed="1" covered="2"/><counter type="COMPLEXITY" missed="1" covered="1"/><counter type="METHOD" missed="0" covered="1"/></method><method name="commandApplyPaymentInitiated" desc="(Ldtu/pay/events/PaymentInitiated;)V" line="38"><counter type="INSTRUCTION" missed="1" covered="35"/><counter type="BRANCH" missed="1" covered="1"/><counter type="LINE" missed="1" covered="7"/><counter type="COMPLEXITY" missed="1" covered="1"/><counter type="METHOD" missed="0" covered="1"/></method><method name="commandApplyPaymentRecorded" desc="(Ldtu/pay/events/PaymentRecorded;)V" line="49"><counter type="INSTRUCTION" missed="0" covered="13"/><counter type="LINE" missed="0" covered="3"/><counter type="COMPLEXITY" missed="0" covered="1"/><counter type="METHOD" missed="0" covered="1"/></method><method name="commandApplyPaymentFailedRecorded" desc="(Ldtu/pay/events/PaymentFailedRecorded;)V" line="54"><counter type="INSTRUCTION" missed="0" covered="5"/><counter type="LINE" missed="0" covered="2"/><counter type="COMPLEXITY" missed="0" covered="1"/><counter type="METHOD" missed="0" covered="1"/></method><method name="clearPending" desc="(Ldtu/pay/aggregate/PaymentId;)V" line="58"><counter type="INSTRUCTION" missed="0" covered="24"/><counter type="BRANCH" missed="1" covered="1"/><counter type="LINE" missed="0" covered="6"/><counter type="COMPLEXITY" missed="1" covered="1"/><counter type="METHOD" missed="0" covered="1"/></method><counter type="INSTRUCTION" missed="3" covered="134"/><counter type="BRANCH" missed="3" covered="3"/><counter type="LINE" missed="2" covered="31"/><counter type="COMPLEXITY" missed="3" covered="7"/><counter type="METHOD" missed="0" covered="7"/><counter type="CLASS" missed="0" covered="1"/></class><class name="dtu/pay/repositories/PaymentRepository" sourcefilename="PaymentRepository.java"><method name="&lt;init&gt;" desc="(Lmessaging/MessageQueue;)V" line="23"><counter type="INSTRUCTION" missed="0" covered="9"/><counter type="LINE" missed="0" covered="3"/><counter type="COMPLEXITY" missed="0" covered="1"/><counter type="METHOD" missed="0" covered="1"/></method><method name="getById" desc="(Ldtu/pay/aggregate/PaymentId;)Ldtu/pay/aggregate/Payment;" line="28"><counter type="INSTRUCTION" missed="0" covered="6"/><counter type="LINE" missed="0" covered="1"/><counter type="COMPLEXITY" missed="0" covered="1"/><counter type="METHOD" missed="0" covered="1"/></method><method name="save" desc="(Ldtu/pay/aggregate/Payment;)V" line="32"><counter type="INSTRUCTION" missed="1" covered="18"/><counter type="BRANCH" missed="1" covered="1"/><counter type="LINE" missed="1" covered="6"/><counter type="COMPLEXITY" missed="1" covered="1"/><counter type="METHOD" missed="0" covered="1"/></method><method name="extractPaymentId" desc="(Ljava/util/List;)Ldtu/pay/aggregate/PaymentId;" line="43"><counter type="INSTRUCTION" missed="6" covered="46"/><counter type="BRANCH" missed="2" covered="8"/><counter type="LINE" missed="2" covered="9"/><counter type="COMPLEXITY" missed="2" covered="4"/><counter type="METHOD" missed="0" covered="1"/></method><counter type="INSTRUCTION" missed="7" covered="79"/><counter type="BRANCH" missed="3" covered="9"/><counter type="LINE" missed="3" covered="19"/><counter type="COMPLEXITY" missed="3" covered="7"/><counter type="METHOD" missed="0" covered="4"/><counter type="CLASS" missed="0" covered="1"/></class><class name="dtu/pay/repositories/EventStore" sourcefilename="EventStore.java"><method name="&lt;init&gt;" desc="(Lmessaging/MessageQueue;)V" line="16"><counter type="INSTRUCTION" missed="0" covered="11"/><counter type="LINE" missed="0" covered="4"/><counter type="COMPLEXITY" missed="0" covered="1"/><counter type="METHOD" missed="0" covered="1"/></method><method name="addEvent" desc="(Ldtu/pay/aggregate/PaymentId;Lmessaging/Event;)V" line="24"><counter type="INSTRUCTION" missed="0" covered="26"/><counter type="BRANCH" missed="0" covered="2"/><counter type="LINE" missed="0" covered="5"/><counter type="COMPLEXITY" missed="0" covered="2"/><counter type="METHOD" missed="0" covered="1"/></method><method name="getEventsFor" desc="(Ldtu/pay/aggregate/PaymentId;)Ljava/util/stream/Stream;" line="32"><counter type="INSTRUCTION" missed="8" covered="12"/><counter type="BRANCH" missed="1" covered="1"/><counter type="LINE" missed="1" covered="2"/><counter type="COMPLEXITY" missed="1" covered="1"/><counter type="METHOD" missed="0" covered="1"/></method><method name="addEvents" desc="(Ldtu/pay/aggregate/PaymentId;Ljava/util/List;)V" line="38"><counter type="INSTRUCTION" missed="5" covered="9"/><counter type="BRANCH" missed="1" covered="1"/><counter type="LINE" missed="0" covered="3"/><counter type="COMPLEXITY" missed="1" covered="1"/><counter type="METHOD" missed="0" covered="1"/></method><method name="lambda$addEvents$0" desc="(Ldtu/pay/aggregate/PaymentId;Lmessaging/Event;)V" line="39"><counter type="INSTRUCTION" missed="0" covered="5"/><counter type="LINE" missed="0" covered="1"/><counter type="COMPLEXITY" missed="0" covered="1"/><counter type="METHOD" missed="0" covered="1"/></method><counter type="INSTRUCTION" missed="13" covered="63"/><counter type="BRANCH" missed="2" covered="4"/><counter type="LINE" missed="1" covered="14"/><counter type="COMPLEXITY" missed="2" covered="6"/><counter type="METHOD" missed="0" covered="5"/><counter type="CLASS" missed="0" covered="1"/></class><sourcefile name="PaymentReadModelRepository.java"><line nr="14" mi="0" ci="5" mb="0" cb="0"/><line nr="15" mi="0" ci="5" mb="0" cb="0"/><line nr="16" mi="0" ci="5" mb="0" cb="0"/><line nr="17" mi="0" ci="5" mb="0" cb="0"/><line nr="18" mi="0" ci="5" mb="0" cb="0"/><line nr="20" mi="0" ci="2" mb="0" cb="0"/><line nr="21" mi="0" ci="6" mb="0" cb="0"/><line nr="22" mi="0" ci="6" mb="0" cb="0"/><line nr="23" mi="0" ci="6" mb="0" cb="0"/><line nr="24" mi="0" ci="1" mb="0" cb="0"/><line nr="27" mi="0" ci="3" mb="0" cb="0"/><line nr="31" mi="0" ci="2" mb="1" cb="1"/><line nr="32" mi="2" ci="0" mb="0" cb="0"/><line nr="34" mi="0" ci="6" mb="0" cb="0"/><line nr="38" mi="0" ci="3" mb="0" cb="0"/><line nr="39" mi="0" ci="2" mb="1" cb="1"/><line nr="40" mi="1" ci="0" mb="0" cb="0"/><line nr="42" mi="0" ci="7" mb="0" cb="0"/><line nr="43" mi="0" ci="7" mb="0" cb="0"/><line nr="44" mi="0" ci="7" mb="0" cb="0"/><line nr="45" mi="0" ci="8" mb="0" cb="0"/><line nr="46" mi="0" ci="1" mb="0" cb="0"/><line nr="49" mi="0" ci="8" mb="0" cb="0"/><line nr="50" mi="0" ci="4" mb="0" cb="0"/><line nr="51" mi="0" ci="1" mb="0" cb="0"/><line nr="54" mi="0" ci="4" mb="0" cb="0"/><line nr="55" mi="0" ci="1" mb="0" cb="0"/><line nr="58" mi="0" ci="6" mb="0" cb="0"/><line nr="59" mi="0" ci="2" mb="1" cb="1"/><line nr="60" mi="0" ci="5" mb="0" cb="0"/><line nr="61" mi="0" ci="5" mb="0" cb="0"/><line nr="63" mi="0" ci="5" mb="0" cb="0"/><line nr="64" mi="0" ci="1" mb="0" cb="0"/><counter type="INSTRUCTION" missed="3" covered="134"/><counter type="BRANCH" missed="3" covered="3"/><counter type="LINE" missed="2" covered="31"/><counter type="COMPLEXITY" missed="3" covered="7"/><counter type="METHOD" missed="0" covered="7"/><counter type="CLASS" missed="0" covered="1"/></sourcefile><sourcefile name="EventStore.java"><line nr="16" mi="0" ci="5" mb="0" cb="0"/><line nr="19" mi="0" ci="2" mb="0" cb="0"/><line nr="20" mi="0" ci="3" mb="0" cb="0"/><line nr="21" mi="0" ci="1" mb="0" cb="0"/><line nr="24" mi="0" ci="5" mb="0" cb="2"/><line nr="25" mi="0" ci="8" mb="0" cb="0"/><line nr="27" mi="0" ci="8" mb="0" cb="0"/><line nr="28" mi="0" ci="4" mb="0" cb="0"/><line nr="29" mi="0" ci="1" mb="0" cb="0"/><line nr="32" mi="0" ci="5" mb="1" cb="1"/><line nr="33" mi="8" ci="0" mb="0" cb="0"/><line nr="35" mi="0" ci="7" mb="0" cb="0"/><line nr="38" mi="5" ci="2" mb="1" cb="1"/><line nr="39" mi="0" ci="11" mb="0" cb="0"/><line nr="40" mi="0" ci="1" mb="0" cb="0"/><counter type="INSTRUCTION" missed="13" covered="63"/><counter type="BRANCH" missed="2" covered="4"/><counter type="LINE" missed="1" covered="14"/><counter type="COMPLEXITY" missed="2" covered="6"/><counter type="METHOD" missed="0" covered="5"/><counter type="CLASS" missed="0" covered="1"/></sourcefile><sourcefile name="PaymentRepository.java"><line nr="23" mi="0" ci="2" mb="0" cb="0"/><line nr="24" mi="0" ci="6" mb="0" cb="0"/><line nr="25" mi="0" ci="1" mb="0" cb="0"/><line nr="28" mi="0" ci="6" mb="0" cb="0"/><line nr="32" mi="0" ci="3" mb="0" cb="0"/><line nr="33" mi="0" ci="3" mb="1" cb="1"/><line nr="34" mi="1" ci="0" mb="0" cb="0"/><line nr="36" mi="0" ci="4" mb="0" cb="0"/><line nr="37" mi="0" ci="5" mb="0" cb="0"/><line nr="38" mi="0" ci="2" mb="0" cb="0"/><line nr="39" mi="0" ci="1" mb="0" cb="0"/><line nr="43" mi="0" ci="10" mb="1" cb="1"/><line nr="44" mi="0" ci="6" mb="0" cb="2"/><line nr="45" mi="0" ci="3" mb="0" cb="0"/><line nr="47" mi="0" ci="6" mb="0" cb="2"/><line nr="48" mi="0" ci="3" mb="0" cb="0"/><line nr="50" mi="0" ci="6" mb="0" cb="2"/><line nr="51" mi="0" ci="3" mb="0" cb="0"/><line nr="53" mi="0" ci="6" mb="1" cb="1"/><line nr="54" mi="0" ci="3" mb="0" cb="0"/><line nr="56" mi="1" ci="0" mb="0" cb="0"/><line nr="57" mi="5" ci="0" mb="0" cb="0"/><counter type="INSTRUCTION" missed="7" covered="79"/><counter type="BRANCH" missed="3" covered="9"/><counter type="LINE" missed="3" covered="19"/><counter type="COMPLEXITY" missed="3" covered="7"/><counter type="METHOD" missed="0" covered="4"/><counter type="CLASS" missed="0" covered="1"/></sourcefile><counter type="INSTRUCTION" missed="23" covered="276"/><counter type="BRANCH" missed="8" covered="16"/><counter type="LINE" missed="6" covered="64"/><counter type="COMPLEXITY" missed="8" covered="20"/><counter type="METHOD" missed="0" covered="16"/><counter type="CLASS" missed="0" covered="3"/></package><package name="dtu/merchant_communication"><class name="dtu/merchant_communication/PaymentRequest" sourcefilename="PaymentRequest.java"><method name="&lt;init&gt;" desc="(ILjava/lang/String;Ljava/lang/String;)V" line="3"><counter type="INSTRUCTION" missed="0" covered="12"/><counter type="LINE" missed="0" covered="1"/><counter type="COMPLEXITY" missed="0" covered="1"/><counter type="METHOD" missed="0" covered="1"/></method><counter type="INSTRUCTION" missed="0" covered="12"/><counter type="LINE" missed="0" covered="1"/><counter type="COMPLEXITY" missed="0" covered="1"/><counter type="METHOD" missed="0" covered="1"/><counter type="CLASS" missed="0" covered="1"/></class><class name="dtu/merchant_communication/MerchantFacadeService" sourcefilename="MerchantFacadeService.java"><method name="&lt;init&gt;" desc="()V" line="30"><counter type="INSTRUCTION" missed="0" covered="6"/><counter type="LINE" missed="0" covered="2"/><counter type="COMPLEXITY" missed="0" covered="1"/><counter type="METHOD" missed="0" covered="1"/></method><method name="&lt;init&gt;" desc="(Lmessaging/MessageQueue;)V" line="21"><counter type="INSTRUCTION" missed="0" covered="56"/><counter type="LINE" missed="0" covered="13"/><counter type="COMPLEXITY" missed="0" covered="1"/><counter type="METHOD" missed="0" covered="1"/></method><method name="commandSendCreationSuccessfulResponse" desc="(Lmessaging/Event;)V" line="46"><counter type="INSTRUCTION" missed="1" covered="24"/><counter type="BRANCH" missed="1" covered="1"/><counter type="LINE" missed="1" covered="7"/><counter type="COMPLEXITY" missed="1" covered="1"/><counter type="METHOD" missed="0" covered="1"/></method><method name="commandSendCreationFailedResponse" desc="(Lmessaging/Event;)V" line="59"><counter type="INSTRUCTION" missed="1" covered="35"/><counter type="BRANCH" missed="1" covered="1"/><counter type="LINE" missed="1" covered="10"/><counter type="COMPLEXITY" missed="1" covered="1"/><counter type="METHOD" missed="0" covered="1"/></method><method name="commandMerchantDeregistered" desc="(Lmessaging/Event;)V" line="75"><counter type="INSTRUCTION" missed="1" covered="20"/><counter type="BRANCH" missed="1" covered="1"/><counter type="LINE" missed="1" covered="6"/><counter type="COMPLEXITY" missed="1" covered="1"/><counter type="METHOD" missed="0" covered="1"/></method><method name="registerMerchant" desc="(Ldtu/merchant_communication/Merchant;)Ljava/lang/String;" line="86"><counter type="INSTRUCTION" missed="33" covered="69"/><counter type="BRANCH" missed="3" covered="1"/><counter type="LINE" missed="9" covered="14"/><counter type="COMPLEXITY" missed="2" covered="1"/><counter type="METHOD" missed="0" covered="1"/></method><method name="deregisterMerchant" desc="(Ljava/lang/String;)Ljava/lang/String;" line="122"><counter type="INSTRUCTION" missed="28" covered="36"/><counter type="BRANCH" missed="2" covered="0"/><counter type="LINE" missed="8" covered="5"/><counter type="COMPLEXITY" missed="1" covered="1"/><counter type="METHOD" missed="0" covered="1"/></method><method name="pay" desc="(ILjava/lang/String;Ljava/lang/String;)Ljava/lang/String;" line="141"><counter type="INSTRUCTION" missed="30" covered="85"/><counter type="BRANCH" missed="3" covered="1"/><counter type="LINE" missed="9" covered="9"/><counter type="COMPLEXITY" missed="2" covered="1"/><counter type="METHOD" missed="0" covered="1"/></method><method name="getMerchantReport" desc="(Ljava/lang/String;)Ljava/lang/String;" line="168"><counter type="INSTRUCTION" missed="28" covered="36"/><counter type="BRANCH" missed="2" covered="0"/><counter type="LINE" missed="8" covered="5"/><counter type="COMPLEXITY" missed="1" covered="1"/><counter type="METHOD" missed="0" covered="1"/></method><method name="commandSendMerchantFullReportResponse" desc="(Lmessaging/Event;)V" line="189"><counter type="INSTRUCTION" missed="1" covered="26"/><counter type="BRANCH" missed="0" covered="2"/><counter type="LINE" missed="1" covered="7"/><counter type="COMPLEXITY" missed="0" covered="2"/><counter type="METHOD" missed="0" covered="1"/></method><method name="getMerchantReportHistory" desc="(Ljava/lang/String;)Ljava/lang/String;" line="201"><counter type="INSTRUCTION" missed="28" covered="36"/><counter type="BRANCH" missed="2" covered="0"/><counter type="LINE" missed="8" covered="5"/><counter type="COMPLEXITY" missed="1" covered="1"/><counter type="METHOD" missed="0" covered="1"/></method><method name="commandSendMerchantReportHistoryResponse" desc="(Lmessaging/Event;)V" line="222"><counter type="INSTRUCTION" missed="1" covered="26"/><counter type="BRANCH" missed="0" covered="2"/><counter type="LINE" missed="1" covered="7"/><counter type="COMPLEXITY" missed="0" covered="2"/><counter type="METHOD" missed="0" covered="1"/></method><method name="commandPaymentFailed" desc="(Lmessaging/Event;)V" line="237"><counter type="INSTRUCTION" missed="6" covered="26"/><counter type="BRANCH" missed="1" covered="1"/><counter type="LINE" missed="1" covered="6"/><counter type="COMPLEXITY" missed="1" covered="1"/><counter type="METHOD" missed="0" covered="1"/></method><method name="commandPaymentCompleted" desc="(Lmessaging/Event;)V" line="248"><counter type="INSTRUCTION" missed="5" covered="19"/><counter type="BRANCH" missed="1" covered="1"/><counter type="LINE" missed="1" covered="5"/><counter type="COMPLEXITY" missed="1" covered="1"/><counter type="METHOD" missed="0" covered="1"/></method><method name="&lt;clinit&gt;" desc="()V" line="22"><counter type="INSTRUCTION" missed="0" covered="9"/><counter type="LINE" missed="0" covered="2"/><counter type="COMPLEXITY" missed="0" covered="1"/><counter type="METHOD" missed="0" covered="1"/></method><counter type="INSTRUCTION" missed="163" covered="509"/><counter type="BRANCH" missed="17" covered="11"/><counter type="LINE" missed="49" covered="103"/><counter type="COMPLEXITY" missed="12" covered="17"/><counter type="METHOD" missed="0" covered="15"/><counter type="CLASS" missed="0" covered="1"/></class><class name="dtu/merchant_communication/AccountId" sourcefilename="AccountId.java"><method name="&lt;init&gt;" desc="()V" line="13"><counter type="INSTRUCTION" missed="0" covered="3"/><counter type="LINE" missed="0" covered="2"/><counter type="COMPLEXITY" missed="0" covered="1"/><counter type="METHOD" missed="0" covered="1"/></method><method name="getUuid" desc="()Ljava/util/UUID;" line="17"><counter type="INSTRUCTION" missed="0" covered="3"/><counter type="LINE" missed="0" covered="1"/><counter type="COMPLEXITY" missed="0" covered="1"/><counter type="METHOD" missed="0" covered="1"/></method><method name="fromEvent" desc="(Lmessaging/Event;)Ljava/util/UUID;" line="21"><counter type="INSTRUCTION" missed="0" covered="4"/><counter type="LINE" missed="0" covered="1"/><counter type="COMPLEXITY" missed="0" covered="1"/><counter type="METHOD" missed="0" covered="1"/></method><method name="fromEventArg" desc="(Lmessaging/Event;I)Ljava/util/UUID;" line="25"><counter type="INSTRUCTION" missed="0" covered="9"/><counter type="LINE" missed="0" covered="2"/><counter type="COMPLEXITY" missed="0" covered="1"/><counter type="METHOD" missed="0" covered="1"/></method><counter type="INSTRUCTION" missed="0" covered="19"/><counter type="LINE" missed="0" covered="6"/><counter type="COMPLEXITY" missed="0" covered="4"/><counter type="METHOD" missed="0" covered="4"/><counter type="CLASS" missed="0" covered="1"/></class><class name="dtu/merchant_communication/Merchant" sourcefilename="Merchant.java"><method name="&lt;init&gt;" desc="(Ljava/lang/String;Ljava/lang/String;Ljava/lang/String;Ljava/lang/String;)V" line="3"><counter type="INSTRUCTION" missed="0" covered="15"/><counter type="LINE" missed="0" covered="1"/><counter type="COMPLEXITY" missed="0" covered="1"/><counter type="METHOD" missed="0" covered="1"/></method><counter type="INSTRUCTION" missed="0" covered="15"/><counter type="LINE" missed="0" covered="1"/><counter type="COMPLEXITY" missed="0" covered="1"/><counter type="METHOD" missed="0" covered="1"/><counter type="CLASS" missed="0" covered="1"/></class><class name="dtu/merchant_communication/MerchantFacadeResource" sourcefilename="MerchantFacadeResource.java"><method name="&lt;init&gt;" desc="()V" line="14"><counter type="INSTRUCTION" missed="0" covered="3"/><counter type="LINE" missed="0" covered="1"/><counter type="COMPLEXITY" missed="0" covered="1"/><counter type="METHOD" missed="0" covered="1"/></method><method name="registerMerchant" desc="(Ldtu/merchant_communication/Merchant;)Ljava/lang/String;" line="23"><counter type="INSTRUCTION" missed="0" covered="5"/><counter type="LINE" missed="0" covered="1"/><counter type="COMPLEXITY" missed="0" covered="1"/><counter type="METHOD" missed="0" covered="1"/></method><method name="pay" desc="(Ldtu/merchant_communication/PaymentRequest;)Ljava/lang/String;" line="31"><counter type="INSTRUCTION" missed="0" covered="10"/><counter type="LINE" missed="0" covered="1"/><counter type="COMPLEXITY" missed="0" covered="1"/><counter type="METHOD" missed="0" covered="1"/></method><method name="deregisterMerchant" desc="(Ljava/lang/String;)Ljava/lang/String;" line="39"><counter type="INSTRUCTION" missed="0" covered="5"/><counter type="LINE" missed="0" covered="1"/><counter type="COMPLEXITY" missed="0" covered="1"/><counter type="METHOD" missed="0" covered="1"/></method><method name="getMerchantReport" desc="(Ljava/lang/String;)Ljava/lang/String;" line="46"><counter type="INSTRUCTION" missed="0" covered="5"/><counter type="LINE" missed="0" covered="1"/><counter type="COMPLEXITY" missed="0" covered="1"/><counter type="METHOD" missed="0" covered="1"/></method><method name="getMerchantReportHistory" desc="(Ljava/lang/String;)Ljava/lang/String;" line="53"><counter type="INSTRUCTION" missed="0" covered="5"/><counter type="LINE" missed="0" covered="1"/><counter type="COMPLEXITY" missed="0" covered="1"/><counter type="METHOD" missed="0" covered="1"/></method><counter type="INSTRUCTION" missed="0" covered="33"/><counter type="LINE" missed="0" covered="6"/><counter type="COMPLEXITY" missed="0" covered="6"/><counter type="METHOD" missed="0" covered="6"/><counter type="CLASS" missed="0" covered="1"/></class><sourcefile name="MerchantFacadeService.java"><line nr="21" mi="0" ci="5" mb="0" cb="0"/><line nr="22" mi="0" ci="4" mb="0" cb="0"/><line nr="23" mi="0" ci="5" mb="0" cb="0"/><line nr="24" mi="0" ci="5" mb="0" cb="0"/><line nr="25" mi="0" ci="5" mb="0" cb="0"/><line nr="30" mi="0" ci="5" mb="0" cb="0"/><line nr="31" mi="0" ci="1" mb="0" cb="0"/><line nr="33" mi="0" ci="2" mb="0" cb="0"/><line nr="34" mi="0" ci="3" mb="0" cb="0"/><line nr="35" mi="0" ci="5" mb="0" cb="0"/><line nr="36" mi="0" ci="5" mb="0" cb="0"/><line nr="37" mi="0" ci="5" mb="0" cb="0"/><line nr="38" mi="0" ci="5" mb="0" cb="0"/><line nr="39" mi="0" ci="5" mb="0" cb="0"/><line nr="40" mi="0" ci="5" mb="0" cb="0"/><line nr="41" mi="0" ci="5" mb="0" cb="0"/><line nr="42" mi="0" ci="1" mb="0" cb="0"/><line nr="46" mi="0" ci="6" mb="0" cb="0"/><line nr="47" mi="0" ci="4" mb="0" cb="0"/><line nr="48" mi="0" ci="6" mb="0" cb="0"/><line nr="49" mi="0" ci="2" mb="1" cb="1"/><line nr="50" mi="0" ci="4" mb="0" cb="0"/><line nr="52" mi="1" ci="0" mb="0" cb="0"/><line nr="54" mi="0" ci="1" mb="0" cb="0"/><line nr="55" mi="0" ci="1" mb="0" cb="0"/><line nr="59" mi="0" ci="6" mb="0" cb="0"/><line nr="60" mi="0" ci="6" mb="0" cb="0"/><line nr="61" mi="0" ci="6" mb="0" cb="0"/><line nr="62" mi="0" ci="2" mb="1" cb="1"/><line nr="63" mi="0" ci="3" mb="0" cb="0"/><line nr="64" mi="0" ci="1" mb="0" cb="0"/><line nr="65" mi="0" ci="2" mb="0" cb="0"/><line nr="66" mi="0" ci="7" mb="0" cb="0"/><line nr="68" mi="1" ci="0" mb="0" cb="0"/><line nr="70" mi="0" ci="1" mb="0" cb="0"/><line nr="71" mi="0" ci="1" mb="0" cb="0"/><line nr="75" mi="0" ci="6" mb="0" cb="0"/><line nr="76" mi="0" ci="6" mb="0" cb="0"/><line nr="77" mi="0" ci="2" mb="1" cb="1"/><line nr="78" mi="0" ci="4" mb="0" cb="0"/><line nr="80" mi="1" ci="0" mb="0" cb="0"/><line nr="82" mi="0" ci="1" mb="0" cb="0"/><line nr="83" mi="0" ci="1" mb="0" cb="0"/><line nr="86" mi="0" ci="3" mb="0" cb="0"/><line nr="87" mi="0" ci="4" mb="0" cb="0"/><line nr="88" mi="0" ci="6" mb="0" cb="0"/><line nr="90" mi="0" ci="15" mb="0" cb="0"/><line nr="92" mi="0" ci="5" mb="0" cb="0"/><line nr="93" mi="0" ci="5" mb="0" cb="0"/><line nr="94" mi="0" ci="5" mb="0" cb="0"/><line nr="95" mi="0" ci="3" mb="0" cb="0"/><line nr="98" mi="0" ci="6" mb="0" cb="0"/><line nr="100" mi="1" ci="0" mb="0" cb="0"/><line nr="101" mi="5" ci="0" mb="0" cb="0"/><line nr="102" mi="6" ci="0" mb="0" cb="0"/><line nr="104" mi="1" ci="0" mb="0" cb="0"/><line nr="105" mi="5" ci="0" mb="0" cb="0"/><line nr="106" mi="3" ci="0" mb="2" cb="0"/><line nr="107" mi="2" ci="0" mb="0" cb="0"/><line nr="109" mi="5" ci="0" mb="0" cb="0"/><line nr="111" mi="0" ci="1" mb="0" cb="0"/><line nr="112" mi="0" ci="5" mb="0" cb="0"/><line nr="113" mi="0" ci="3" mb="0" cb="0"/><line nr="114" mi="0" ci="6" mb="1" cb="1"/><line nr="115" mi="0" ci="2" mb="0" cb="0"/><line nr="117" mi="5" ci="0" mb="0" cb="0"/><line nr="122" mi="0" ci="3" mb="0" cb="0"/><line nr="123" mi="0" ci="4" mb="0" cb="0"/><line nr="124" mi="0" ci="6" mb="0" cb="0"/><line nr="125" mi="0" ci="17" mb="0" cb="0"/><line nr="127" mi="0" ci="6" mb="0" cb="0"/><line nr="128" mi="1" ci="0" mb="0" cb="0"/><line nr="129" mi="5" ci="0" mb="0" cb="0"/><line nr="130" mi="6" ci="0" mb="0" cb="0"/><line nr="131" mi="1" ci="0" mb="0" cb="0"/><line nr="132" mi="5" ci="0" mb="0" cb="0"/><line nr="133" mi="3" ci="0" mb="2" cb="0"/><line nr="134" mi="2" ci="0" mb="0" cb="0"/><line nr="136" mi="5" ci="0" mb="0" cb="0"/><line nr="141" mi="0" ci="3" mb="0" cb="0"/><line nr="142" mi="0" ci="4" mb="0" cb="0"/><line nr="143" mi="0" ci="5" mb="0" cb="0"/><line nr="144" mi="0" ci="5" mb="0" cb="0"/><line nr="145" mi="0" ci="2" mb="1" cb="1"/><line nr="146" mi="4" ci="0" mb="0" cb="0"/><line nr="148" mi="0" ci="17" mb="0" cb="0"/><line nr="149" mi="0" ci="17" mb="0" cb="0"/><line nr="150" mi="0" ci="26" mb="0" cb="0"/><line nr="154" mi="0" ci="6" mb="0" cb="0"/><line nr="155" mi="1" ci="0" mb="0" cb="0"/><line nr="156" mi="4" ci="0" mb="0" cb="0"/><line nr="157" mi="6" ci="0" mb="0" cb="0"/><line nr="158" mi="1" ci="0" mb="0" cb="0"/><line nr="159" mi="4" ci="0" mb="0" cb="0"/><line nr="160" mi="3" ci="0" mb="2" cb="0"/><line nr="161" mi="2" ci="0" mb="0" cb="0"/><line nr="163" mi="5" ci="0" mb="0" cb="0"/><line nr="168" mi="0" ci="3" mb="0" cb="0"/><line nr="169" mi="0" ci="4" mb="0" cb="0"/><line nr="170" mi="0" ci="6" mb="0" cb="0"/><line nr="171" mi="0" ci="17" mb="0" cb="0"/><line nr="174" mi="0" ci="6" mb="0" cb="0"/><line nr="175" mi="1" ci="0" mb="0" cb="0"/><line nr="176" mi="5" ci="0" mb="0" cb="0"/><line nr="177" mi="6" ci="0" mb="0" cb="0"/><line nr="178" mi="1" ci="0" mb="0" cb="0"/><line nr="179" mi="5" ci="0" mb="0" cb="0"/><line nr="180" mi="3" ci="0" mb="2" cb="0"/><line nr="181" mi="2" ci="0" mb="0" cb="0"/><line nr="183" mi="5" ci="0" mb="0" cb="0"/><line nr="189" mi="0" ci="6" mb="0" cb="0"/><line nr="190" mi="0" ci="6" mb="0" cb="0"/><line nr="191" mi="0" ci="6" mb="0" cb="0"/><line nr="192" mi="0" ci="2" mb="0" cb="2"/><line nr="193" mi="0" ci="4" mb="0" cb="0"/><line nr="195" mi="1" ci="0" mb="0" cb="0"/><line nr="197" mi="0" ci="1" mb="0" cb="0"/><line nr="198" mi="0" ci="1" mb="0" cb="0"/><line nr="201" mi="0" ci="3" mb="0" cb="0"/><line nr="202" mi="0" ci="4" mb="0" cb="0"/><line nr="203" mi="0" ci="6" mb="0" cb="0"/><line nr="204" mi="0" ci="17" mb="0" cb="0"/><line nr="207" mi="0" ci="6" mb="0" cb="0"/><line nr="208" mi="1" ci="0" mb="0" cb="0"/><line nr="209" mi="5" ci="0" mb="0" cb="0"/><line nr="210" mi="6" ci="0" mb="0" cb="0"/><line nr="211" mi="1" ci="0" mb="0" cb="0"/><line nr="212" mi="5" ci="0" mb="0" cb="0"/><line nr="213" mi="3" ci="0" mb="2" cb="0"/><line nr="214" mi="2" ci="0" mb="0" cb="0"/><line nr="216" mi="5" ci="0" mb="0" cb="0"/><line nr="222" mi="0" ci="6" mb="0" cb="0"/><line nr="223" mi="0" ci="6" mb="0" cb="0"/><line nr="224" mi="0" ci="6" mb="0" cb="0"/><line nr="225" mi="0" ci="2" mb="0" cb="2"/><line nr="226" mi="0" ci="4" mb="0" cb="0"/><line nr="228" mi="1" ci="0" mb="0" cb="0"/><line nr="229" mi="0" ci="1" mb="0" cb="0"/><line nr="230" mi="0" ci="1" mb="0" cb="0"/><line nr="237" mi="0" ci="6" mb="0" cb="0"/><line nr="238" mi="0" ci="6" mb="0" cb="0"/><line nr="239" mi="0" ci="5" mb="0" cb="0"/><line nr="240" mi="0" ci="2" mb="1" cb="1"/><line nr="241" mi="0" ci="6" mb="0" cb="0"/><line nr="243" mi="6" ci="0" mb="0" cb="0"/><line nr="245" mi="0" ci="1" mb="0" cb="0"/><line nr="248" mi="0" ci="6" mb="0" cb="0"/><line nr="250" mi="0" ci="5" mb="0" cb="0"/><line nr="251" mi="0" ci="2" mb="1" cb="1"/><line nr="252" mi="0" ci="5" mb="0" cb="0"/><line nr="254" mi="5" ci="0" mb="0" cb="0"/><line nr="256" mi="0" ci="1" mb="0" cb="0"/><counter type="INSTRUCTION" missed="163" covered="509"/><counter type="BRANCH" missed="17" covered="11"/><counter type="LINE" missed="49" covered="103"/><counter type="COMPLEXITY" missed="12" covered="17"/><counter type="METHOD" missed="0" covered="15"/><counter type="CLASS" missed="0" covered="1"/></sourcefile><sourcefile name="PaymentRequest.java"><line nr="3" mi="0" ci="12" mb="0" cb="0"/><counter type="INSTRUCTION" missed="0" covered="12"/><counter type="LINE" missed="0" covered="1"/><counter type="COMPLEXITY" missed="0" covered="1"/><counter type="METHOD" missed="0" covered="1"/><counter type="CLASS" missed="0" covered="1"/></sourcefile><sourcefile name="Merchant.java"><line nr="3" mi="0" ci="15" mb="0" cb="0"/><counter type="INSTRUCTION" missed="0" covered="15"/><counter type="LINE" missed="0" covered="1"/><counter type="COMPLEXITY" missed="0" covered="1"/><counter type="METHOD" missed="0" covered="1"/><counter type="CLASS" missed="0" covered="1"/></sourcefile><sourcefile name="AccountId.java"><line nr="13" mi="0" ci="2" mb="0" cb="0"/><line nr="14" mi="0" ci="1" mb="0" cb="0"/><line nr="17" mi="0" ci="3" mb="0" cb="0"/><line nr="21" mi="0" ci="4" mb="0" cb="0"/><line nr="25" mi="0" ci="6" mb="0" cb="0"/><line nr="26" mi="0" ci="3" mb="0" cb="0"/><counter type="INSTRUCTION" missed="0" covered="19"/><counter type="LINE" missed="0" covered="6"/><counter type="COMPLEXITY" missed="0" covered="4"/><counter type="METHOD" missed="0" covered="4"/><counter type="CLASS" missed="0" covered="1"/></sourcefile><sourcefile name="MerchantFacadeResource.java"><line nr="14" mi="0" ci="3" mb="0" cb="0"/><line nr="23" mi="0" ci="5" mb="0" cb="0"/><line nr="31" mi="0" ci="10" mb="0" cb="0"/><line nr="39" mi="0" ci="5" mb="0" cb="0"/><line nr="46" mi="0" ci="5" mb="0" cb="0"/><line nr="53" mi="0" ci="5" mb="0" cb="0"/><counter type="INSTRUCTION" missed="0" covered="33"/><counter type="LINE" missed="0" covered="6"/><counter type="COMPLEXITY" missed="0" covered="6"/><counter type="METHOD" missed="0" covered="6"/><counter type="CLASS" missed="0" covered="1"/></sourcefile><counter type="INSTRUCTION" missed="163" covered="588"/><counter type="BRANCH" missed="17" covered="11"/><counter type="LINE" missed="49" covered="117"/><counter type="COMPLEXITY" missed="12" covered="29"/><counter type="METHOD" missed="0" covered="27"/><counter type="CLASS" missed="0" covered="5"/></package><package name="dtu"><class name="dtu/TokenService" sourcefilename="TokenService.java"><method name="&lt;init&gt;" desc="(Lmessaging/MessageQueue;Ldtu/businesslogic/TokenManagerService;)V" line="15"><counter type="INSTRUCTION" missed="0" covered="39"/><counter type="LINE" missed="0" covered="10"/><counter type="COMPLEXITY" missed="0" covered="1"/><counter type="METHOD" missed="0" covered="1"/></method><method name="policyRequestPaymentTokens" desc="(Lmessaging/Event;)V" line="29"><counter type="INSTRUCTION" missed="6" covered="49"/><counter type="BRANCH" missed="1" covered="5"/><counter type="LINE" missed="2" covered="12"/><counter type="COMPLEXITY" missed="1" covered="3"/><counter type="METHOD" missed="0" covered="1"/></method><method name="commandCreateTokens" desc="(Ljava/lang/String;Ljava/util/UUID;I)V" line="51"><counter type="INSTRUCTION" missed="0" covered="32"/><counter type="LINE" missed="0" covered="4"/><counter type="COMPLEXITY" missed="0" covered="1"/><counter type="METHOD" missed="0" covered="1"/></method><method name="policyValidateTokenRequest" desc="(Lmessaging/Event;)V" line="57"><counter type="INSTRUCTION" missed="18" covered="76"/><counter type="BRANCH" missed="3" covered="7"/><counter type="LINE" missed="2" covered="12"/><counter type="COMPLEXITY" missed="3" covered="3"/><counter type="METHOD" missed="0" covered="1"/></method><method name="commandReserveToken" desc="(Ljava/lang/String;Ljava/lang/String;Ljava/util/Optional;)V" line="83"><counter type="INSTRUCTION" missed="18" covered="47"/><counter type="LINE" missed="2" covered="6"/><counter type="COMPLEXITY" missed="0" covered="1"/><counter type="METHOD" missed="0" covered="1"/></method><method name="commandConsumeTokenRequested" desc="(Lmessaging/Event;)V" line="96"><counter type="INSTRUCTION" missed="0" covered="20"/><counter type="BRANCH" missed="1" covered="1"/><counter type="LINE" missed="0" covered="5"/><counter type="COMPLEXITY" missed="1" covered="1"/><counter type="METHOD" missed="0" covered="1"/></method><method name="commandReleaseTokenRequested" desc="(Lmessaging/Event;)V" line="104"><counter type="INSTRUCTION" missed="0" covered="22"/><counter type="BRANCH" missed="0" covered="2"/><counter type="LINE" missed="0" covered="6"/><counter type="COMPLEXITY" missed="0" covered="2"/><counter type="METHOD" missed="0" covered="1"/></method><method name="commandCustomerDeregisteredRequest" desc="(Lmessaging/Event;)V" line="113"><counter type="INSTRUCTION" missed="0" covered="13"/><counter type="LINE" missed="0" covered="3"/><counter type="COMPLEXITY" missed="0" covered="1"/><counter type="METHOD" missed="0" covered="1"/></method><method name="publishRequestRejected" desc="(Ljava/lang/String;Ljava/util/UUID;Ljava/lang/String;)V" line="118"><counter type="INSTRUCTION" missed="0" covered="23"/><counter type="LINE" missed="0" covered="2"/><counter type="COMPLEXITY" missed="0" covered="1"/><counter type="METHOD" missed="0" covered="1"/></method><method name="parseCustomerId" desc="(Ljava/lang/String;)Ljava/util/UUID;" line="122"><counter type="INSTRUCTION" missed="0" covered="3"/><counter type="LINE" missed="0" covered="1"/><counter type="COMPLEXITY" missed="0" covered="1"/><counter type="METHOD" missed="0" covered="1"/></method><counter type="INSTRUCTION" missed="42" covered="324"/><counter type="BRANCH" missed="5" covered="15"/><counter type="LINE" missed="6" covered="61"/><counter type="COMPLEXITY" missed="5" covered="15"/><counter type="METHOD" missed="0" covered="10"/><counter type="CLASS" missed="0" covered="1"/></class><sourcefile name="TokenService.java"><line nr="15" mi="0" ci="5" mb="0" cb="0"/><line nr="17" mi="0" ci="2" mb="0" cb="0"/><line nr="18" mi="0" ci="3" mb="0" cb="0"/><line nr="19" mi="0" ci="3" mb="0" cb="0"/><line nr="21" mi="0" ci="5" mb="0" cb="0"/><line nr="22" mi="0" ci="5" mb="0" cb="0"/><l
[...]
nr="93" mi="2" ci="0" mb="0" cb="0"/><line nr="95" mi="5" ci="0" mb="0" cb="0"/><line nr="100" mi="0" ci="3" mb="0" cb="0"/><line nr="101" mi="0" ci="4" mb="0" cb="0"/><line nr="102" mi="0" ci="6" mb="0" cb="0"/><line nr="103" mi="0" ci="17" mb="0" cb="0"/><line nr="106" mi="0" ci="6" mb="0" cb="0"/><line nr="107" mi="1" ci="0" mb="0" cb="0"/><line nr="108" mi="5" ci="0" mb="0" cb="0"/><line nr="109" mi="6" ci="0" mb="0" cb="0"/><line nr="110" mi="1" ci="0" mb="0" cb="0"/><line nr="111" mi="5" ci="0" mb="0" cb="0"/><line nr="112" mi="3" ci="0" mb="2" cb="0"/><line nr="113" mi="2" ci="0" mb="0" cb="0"/><line nr="115" mi="5" ci="0" mb="0" cb="0"/><line nr="120" mi="0" ci="3" mb="0" cb="0"/><line nr="121" mi="0" ci="4" mb="0" cb="0"/><line nr="122" mi="0" ci="6" mb="0" cb="0"/><line nr="123" mi="0" ci="17" mb="0" cb="0"/><line nr="126" mi="0" ci="6" mb="0" cb="0"/><line nr="127" mi="1" ci="0" mb="0" cb="0"/><line nr="128" mi="5" ci="0" mb="0" cb="0"/><line nr="129" mi="6" ci="0" mb="0" cb="0"/><line nr="130" mi="1" ci="0" mb="0" cb="0"/><line nr="131" mi="5" ci="0" mb="0" cb="0"/><line nr="132" mi="3" ci="0" mb="2" cb="0"/><line nr="133" mi="2" ci="0" mb="0" cb="0"/><line nr="135" mi="5" ci="0" mb="0" cb="0"/><line nr="139" mi="0" ci="3" mb="0" cb="0"/><line nr="140" mi="0" ci="4" mb="0" cb="0"/><line nr="141" mi="0" ci="6" mb="0" cb="0"/><line nr="142" mi="0" ci="17" mb="0" cb="0"/><line nr="144" mi="0" ci="6" mb="0" cb="0"/><line nr="145" mi="1" ci="0" mb="0" cb="0"/><line nr="146" mi="5" ci="0" mb="0" cb="0"/><line nr="147" mi="6" ci="0" mb="0" cb="0"/><line nr="148" mi="1" ci="0" mb="0" cb="0"/><line nr="149" mi="5" ci="0" mb="0" cb="0"/><line nr="150" mi="3" ci="0" mb="2" cb="0"/><line nr="151" mi="2" ci="0" mb="0" cb="0"/><line nr="153" mi="5" ci="0" mb="0" cb="0"/><line nr="159" mi="0" ci="6" mb="0" cb="0"/><line nr="160" mi="0" ci="6" mb="0" cb="0"/><line nr="161" mi="0" ci="6" mb="0" cb="0"/><line nr="162" mi="0" ci="2" mb="1" cb="1"/><line nr="163" mi="0" ci="4" mb="0" cb="0"/><line nr="165" mi="1" ci="0" mb="0" cb="0"/><line nr="167" mi="0" ci="1" mb="0" cb="0"/><line nr="168" mi="0" ci="1" mb="0" cb="0"/><line nr="172" mi="0" ci="6" mb="0" cb="0"/><line nr="173" mi="0" ci="6" mb="0" cb="0"/><line nr="174" mi="0" ci="6" mb="0" cb="0"/><line nr="175" mi="0" ci="2" mb="0" cb="2"/><line nr="176" mi="0" ci="4" mb="0" cb="0"/><line nr="178" mi="1" ci="0" mb="0" cb="0"/><line nr="179" mi="0" ci="1" mb="0" cb="0"/><line nr="180" mi="0" ci="1" mb="0" cb="0"/><line nr="185" mi="0" ci="6" mb="0" cb="0"/><line nr="186" mi="0" ci="6" mb="0" cb="0"/><line nr="187" mi="0" ci="6" mb="0" cb="0"/><line nr="188" mi="0" ci="2" mb="0" cb="2"/><line nr="189" mi="0" ci="4" mb="0" cb="0"/><line nr="191" mi="1" ci="0" mb="0" cb="0"/><line nr="192" mi="0" ci="1" mb="0" cb="0"/><line nr="193" mi="0" ci="1" mb="0" cb="0"/><line nr="197" mi="0" ci="6" mb="0" cb="0"/><line nr="198" mi="0" ci="6" mb="0" cb="0"/><line nr="199" mi="0" ci="6" mb="0" cb="0"/><line nr="200" mi="0" ci="2" mb="1" cb="1"/><line nr="201" mi="0" ci="4" mb="0" cb="0"/><line nr="203" mi="1" ci="0" mb="0" cb="0"/><line nr="204" mi="0" ci="1" mb="0" cb="0"/><line nr="205" mi="0" ci="1" mb="0" cb="0"/><line nr="209" mi="0" ci="6" mb="0" cb="0"/><line nr="210" mi="0" ci="6" mb="0" cb="0"/><line nr="211" mi="0" ci="6" mb="0" cb="0"/><line nr="212" mi="0" ci="2" mb="1" cb="1"/><line nr="213" mi="0" ci="4" mb="0" cb="0"/><line nr="215" mi="1" ci="0" mb="0" cb="0"/><line nr="216" mi="0" ci="1" mb="0" cb="0"/><line nr="217" mi="0" ci="1" mb="0" cb="0"/><line nr="220" mi="0" ci="6" mb="0" cb="0"/><line nr="221" mi="0" ci="6" mb="0" cb="0"/><line nr="222" mi="0" ci="6" mb="0" cb="0"/><line nr="223" mi="0" ci="2" mb="1" cb="1"/><line nr="224" mi="0" ci="4" mb="0" cb="0"/><line nr="226" mi="1" ci="0" mb="0" cb="0"/><line nr="227" mi="0" ci="1" mb="0" cb="0"/><line nr="228" mi="0" ci="1" mb="0" cb="0"/><counter type="INSTRUCTION" missed="174" covered="422"/><counter type="BRANCH" missed="16" covered="8"/><counter type="LINE" missed="54" covered="85"/><counter type="COMPLEXITY" missed="10" covered="17"/><counter type="METHOD" missed="0" covered="15"/><counter type="CLASS" missed="0" covered="1"/></sourcefile><counter type="INSTRUCTION" missed="174" covered="453"/><counter type="BRANCH" missed="16" covered="8"/><counter type="LINE" missed="54" covered="92"/><counter type="COMPLEXITY" missed="10" covered="24"/><counter type="METHOD" missed="0" covered="22"/><counter type="CLASS" missed="0" covered="2"/></package><package name="dtu/repositories"><class name="dtu/repositories/TokenRepository" sourcefilename="TokenRepository.java"><method name="&lt;init&gt;" desc="(Lmessaging/MessageQueue;)V" line="13"><counter type="INSTRUCTION" missed="0" covered="9"/><counter type="LINE" missed="0" covered="3"/><counter type="COMPLEXITY" missed="0" covered="1"/><counter type="METHOD" missed="0" covered="1"/></method><method name="getById" desc="(Ldtu/aggregate/TokenId;)Ldtu/aggregate/Token;" line="18"><counter type="INSTRUCTION" missed="0" covered="6"/><counter type="LINE" missed="0" covered="1"/><counter type="COMPLEXITY" missed="0" covered="1"/><counter type="METHOD" missed="0" covered="1"/></method><method name="save" desc="(Ldtu/aggregate/Token;)V" line="22"><counter type="INSTRUCTION" missed="0" covered="10"/><counter type="LINE" missed="0" covered="3"/><counter type="COMPLEXITY" missed="0" covered="1"/><counter type="METHOD" missed="0" covered="1"/></method><counter type="INSTRUCTION" missed="0" covered="25"/><counter type="LINE" missed="0" covered="7"/><counter type="COMPLEXITY" missed="0" covered="3"/><counter type="METHOD" missed="0" covered="3"/><counter type="CLASS" missed="0" covered="1"/></class><class name="dtu/repositories/CustomerRepository" sourcefilename="CustomerRepository.java"><method name="&lt;init&gt;" desc="(Lmessaging/MessageQueue;)V" line="15"><counter type="INSTRUCTION" missed="0" covered="9"/><counter type="LINE" missed="0" covered="3"/><counter type="COMPLEXITY" missed="0" covered="1"/><counter type="METHOD" missed="0" covered="1"/></method><method name="getById" desc="(Ldtu/aggregate/AccountId;)Ldtu/aggregate/Customer;" line="20"><counter type="INSTRUCTION" missed="0" covered="6"/><counter type="LINE" missed="0" covered="1"/><counter type="COMPLEXITY" missed="0" covered="1"/><counter type="METHOD" missed="0" covered="1"/></method><method name="save" desc="(Ldtu/aggregate/Customer;)V" line="24"><counter type="INSTRUCTION" missed="0" covered="10"/><counter type="LINE" missed="0" covered="3"/><counter type="COMPLEXITY" missed="0" covered="1"/><counter type="METHOD" missed="0" covered="1"/></method><counter type="INSTRUCTION" missed="0" covered="25"/><counter type="LINE" missed="0" covered="7"/><counter type="COMPLEXITY" missed="0" covered="3"/><counter type="METHOD" missed="0" covered="3"/><counter type="CLASS" missed="0" covered="1"/></class><class name="dtu/repositories/ReadModelRepository" sourcefilename="ReadModelRepository.java"><method name="&lt;init&gt;" desc="(Lmessaging/MessageQueue;)V" line="18"><counter type="INSTRUCTION" missed="0" covered="42"/><counter type="LINE" missed="0" covered="9"/><counter type="COMPLEXITY" missed="0" covered="1"/><counter type="METHOD" missed="0" covered="1"/></method><method name="getBankIdForUser" desc="(Ldtu/aggregate/AccountId;)Ljava/lang/String;" line="30"><counter type="INSTRUCTION" missed="17" covered="0"/><counter type="BRANCH" missed="4" covered="0"/><counter type="LINE" missed="3" covered="0"/><counter type="COMPLEXITY" missed="3" covered="0"/><counter type="METHOD" missed="1" covered="0"/></method><method name="getAccountIdFromCpr" desc="(Ljava/lang/String;)Ldtu/aggregate/AccountId;" line="36"><counter type="INSTRUCTION" missed="0" covered="8"/><counter type="LINE" missed="0" covered="2"/><counter type="COMPLEXITY" missed="0" covered="1"/><counter type="METHOD" missed="0" covered="1"/></method><method name="getMerchantAccountIdFromCpr" desc="(Ljava/lang/String;)Ldtu/aggregate/AccountId;" line="41"><counter type="INSTRUCTION" missed="0" covered="8"/><counter type="LINE" missed="0" covered="2"/><counter type="COMPLEXITY" missed="0" covered="1"/><counter type="METHOD" missed="0" covered="1"/></method><method name="commandApplyCustomerCreated" desc="(Ldtu/events/CustomerCreated;)V" line="46"><counter type="INSTRUCTION" missed="0" covered="25"/><counter type="LINE" missed="0" covered="4"/><counter type="COMPLEXITY" missed="0" covered="1"/><counter type="METHOD" missed="0" covered="1"/></method><method name="commandApplyCustomerDeregistered" desc="(Ldtu/events/CustomerDeregistered;)V" line="52"><counter type="INSTRUCTION" missed="0" covered="21"/><counter type="BRANCH" missed="1" covered="1"/><counter type="LINE" missed="0" covered="5"/><counter type="COMPLEXITY" missed="1" covered="1"/><counter type="METHOD" missed="0" covered="1"/></method><method name="commandApplyMerchantCreated" desc="(Ldtu/events/MerchantCreated;)V" line="60"><counter type="INSTRUCTION" missed="0" covered="25"/><counter type="LINE" missed="0" covered="4"/><counter type="COMPLEXITY" missed="0" covered="1"/><counter type="METHOD" missed="0" covered="1"/></method><method name="commandApplyMerchantDeregistered" desc="(Ldtu/events/MerchantDeregistered;)V" line="66"><counter type="INSTRUCTION" missed="0" covered="21"/><counter type="BRANCH" missed="1" covered="1"/><counter type="LINE" missed="0" covered="5"/><counter type="COMPLEXITY" missed="1" covered="1"/><counter type="METHOD" missed="0" covered="1"/></method><counter type="INSTRUCTION" missed="17" covered="150"/><counter type="BRANCH" missed="6" covered="2"/><counter type="LINE" missed="3" covered="31"/><counter type="COMPLEXITY" missed="5" covered="7"/><counter type="METHOD" missed="1" covered="7"/><counter type="CLASS" missed="0" covered="1"/></class><class name="dtu/repositories/EventStore" sourcefilename="EventStore.java"><method name="&lt;init&gt;" desc="(Lmessaging/MessageQueue;)V" line="17"><counter type="INSTRUCTION" missed="0" covered="11"/><counter type="LINE" missed="0" covered="4"/><counter type="COMPLEXITY" missed="0" covered="1"/><counter type="METHOD" missed="0" covered="1"/></method><method name="addEvent" desc="(Ldtu/aggregate/AccountId;Lmessaging/Event;)V" line="26"><counter type="INSTRUCTION" missed="0" covered="26"/><counter type="BRANCH" missed="0" covered="2"/><counter type="LINE" missed="0" covered="5"/><counter type="COMPLEXITY" missed="0" covered="2"/><counter type="METHOD" missed="0" covered="1"/></method><method name="getEventsFor" desc="(Ldtu/aggregate/AccountId;)Ljava/util/stream/Stream;" line="34"><counter type="INSTRUCTION" missed="8" covered="12"/><counter type="BRANCH" missed="1" covered="1"/><counter type="LINE" missed="1" covered="2"/><counter type="COMPLEXITY" missed="1" covered="1"/><counter type="METHOD" missed="0" covered="1"/></method><method name="addEvents" desc="(Ldtu/aggregate/AccountId;Ljava/util/List;)V" line="40"><counter type="INSTRUCTION" missed="5" covered="9"/><counter type="BRANCH" missed="1" covered="1"/><counter type="LINE" missed="0" covered="3"/><counter type="COMPLEXITY" missed="1" covered="1"/><counter type="METHOD" missed="0" covered="1"/></method><method name="lambda$addEvents$0" desc="(Ldtu/aggregate/AccountId;Lmessaging/Event;)V" line="41"><counter type="INSTRUCTION" missed="0" covered="5"/><counter type="LINE" missed="0" covered="1"/><counter type="COMPLEXITY" missed="0" covered="1"/><counter type="METHOD" missed="0" covered="1"/></method><counter type="INSTRUCTION" missed="13" covered="63"/><counter type="BRANCH" missed="2" covered="4"/><counter type="LINE" missed="1" covered="14"/><counter type="COMPLEXITY" missed="2" covered="6"/><counter type="METHOD" missed="0" covered="5"/><counter type="CLASS" missed="0" covered="1"/></class><class name="dtu/repositories/MerchantRepository" sourcefilename="MerchantRepository.java"><method name="&lt;init&gt;" desc="(Lmessaging/MessageQueue;)V" line="15"><counter type="INSTRUCTION" missed="0" covered="9"/><counter type="LINE" missed="0" covered="3"/><counter type="COMPLEXITY" missed="0" covered="1"/><counter type="METHOD" missed="0" covered="1"/></method><method name="getById" desc="(Ldtu/aggregate/AccountId;)Ldtu/aggregate/Merchant;" line="20"><counter type="INSTRUCTION" missed="0" covered="6"/><counter type="LINE" missed="0" covered="1"/><counter type="COMPLEXITY" missed="0" covered="1"/><counter type="METHOD" missed="0" covered="1"/></method><method name="save" desc="(Ldtu/aggregate/Merchant;)V" line="24"><counter type="INSTRUCTION" missed="0" covered="10"/><counter type="LINE" missed="0" covered="3"/><counter type="COMPLEXITY" missed="0" covered="1"/><counter type="METHOD" missed="0" covered="1"/></method><counter type="INSTRUCTION" missed="0" covered="25"/><counter type="LINE" missed="0" covered="7"/><counter type="COMPLEXITY" missed="0" covered="3"/><counter type="METHOD" missed="0" covered="3"/><counter type="CLASS" missed="0" covered="1"/></class><class name="dtu/repositories/ReportRepository" sourcefilename="ReportRepository.java"><method name="&lt;init&gt;" desc="(Lmessaging/MessageQueue;)V" line="15"><counter type="INSTRUCTION" missed="0" covered="9"/><counter type="LINE" missed="0" covered="3"/><counter type="COMPLEXITY" missed="0" covered="1"/><counter type="METHOD" missed="0" covered="1"/></method><method name="getById" desc="(Ldtu/aggregate/AccountId;)Ldtu/aggregate/Report;" line="20"><counter type="INSTRUCTION" missed="6" covered="0"/><counter type="LINE" missed="1" covered="0"/><counter type="COMPLEXITY" missed="1" covered="0"/><counter type="METHOD" missed="1" covered="0"/></method><method name="save" desc="(Ldtu/aggregate/Report;)V" line="24"><counter type="INSTRUCTION" missed="10" covered="0"/><counter type="LINE" missed="3" covered="0"/><counter type="COMPLEXITY" missed="1" covered="0"/><counter type="METHOD" missed="1" covered="0"/></method><counter type="INSTRUCTION" missed="16" covered="9"/><counter type="LINE" missed="4" covered="3"/><counter type="COMPLEXITY" missed="2" covered="1"/><counter type="METHOD" missed="2" covered="1"/><counter type="CLASS" missed="0" covered="1"/></class><sourcefile name="ReportRepository.java"><line nr="15" mi="0" ci="2" mb="0" cb="0"/><line nr="16" mi="0" ci="6" mb="0" cb="0"/><line nr="17" mi="0" ci="1" mb="0" cb="0"/><line nr="20" mi="6" ci="0" mb="0" cb="0"/><line nr="24" mi="7" ci="0" mb="0" cb="0"/><line nr="25" mi="2" ci="0" mb="0" cb="0"/><line nr="26" mi="1" ci="0" mb="0" cb="0"/><counter type="INSTRUCTION" missed="16" covered="9"/><counter type="LINE" missed="4" covered="3"/><counter type="COMPLEXITY" missed="2" covered="1"/><counter type="METHOD" missed="2" covered="1"/><counter type="CLASS" missed="0" covered="1"/></sourcefile><sourcefile name="ReadModelRepository.java"><line nr="18" mi="0" ci="5" mb="0" cb="0"/><line nr="19" mi="0" ci="5" mb="0" cb="0"/><line nr="20" mi="0" ci="5" mb="0" cb="0"/><line nr="22" mi="0" ci="2" mb="0" cb="0"/><line nr="23" mi="0" ci="6" mb="0" cb="0"/><line nr="24" mi="0" ci="6" mb="0" cb="0"/><line nr="25" mi="0" ci="6" mb="0" cb="0"/><line nr="26" mi="0" ci="6" mb="0" cb="0"/><line nr="27" mi="0" ci="1" mb="0" cb="0"/><line nr="30" mi="4" ci="0" mb="2" cb="0"/><line nr="31" mi="6" ci="0" mb="0" cb="0"/><line nr="32" mi="7" ci="0" mb="2" cb="0"/><line nr="36" mi="0" ci="6" mb="0" cb="0"/><line nr="37" mi="0" ci="2" mb="0" cb="0"/><line nr="41" mi="0" ci="6" mb="0" cb="0"/><line nr="42" mi="0" ci="2" mb="0" cb="0"/><line nr="46" mi="0" ci="8" mb="0" cb="0"/><line nr="47" mi="0" ci="8" mb="0" cb="0"/><line nr="48" mi="0" ci="8" mb="0" cb="0"/><line nr="49" mi="0" ci="1" mb="0" cb="0"/><line nr="52" mi="0" ci="6" mb="0" cb="0"/><line nr="53" mi="0" ci="7" mb="0" cb="0"/><line nr="54" mi="0" ci="2" mb="1" cb="1"/><line nr="55" mi="0" ci="5" mb="0" cb="0"/><line nr="57" mi="0" ci="1" mb="0" cb="0"/><line nr="60" mi="0" ci="8" mb="0" cb="0"/><line nr="61" mi="0" ci="8" mb="0" cb="0"/><line nr="62" mi="0" ci="8" mb="0" cb="0"/><line nr="63" mi="0" ci="1" mb="0" cb="0"/><line nr="66" mi="0" ci="6" mb="0" cb="0"/><line nr="67" mi="0" ci="7" mb="0" cb="0"/><line nr="68" mi="0" ci="2" mb="1" cb="1"/><line nr="69" mi="0" ci="5" mb="0" cb="0"/><line nr="71" mi="0" ci="1" mb="0" cb="0"/><counter type="INSTRUCTION" missed="17" covered="150"/><counter type="BRANCH" missed="6" covered="2"/><counter type="LINE" missed="3" covered="31"/><counter type="COMPLEXITY" missed="5" covered="7"/><counter type="METHOD" missed="1" covered="7"/><counter type="CLASS" missed="0" covered="1"/></sourcefile><sourcefile name="TokenRepository.java"><line nr="13" mi="0" ci="2" mb="0" cb="0"/><line nr="14" mi="0" ci="6" mb="0" cb="0"/><line nr="15" mi="0" ci="1" mb="0" cb="0"/><line nr="18" mi="0" ci="6" mb="0" cb="0"/><line nr="22" mi="0" ci="7" mb="0" cb="0"/><line nr="23" mi="0" ci="2" mb="0" cb="0"/><line nr="24" mi="0" ci="1" mb="0" cb="0"/><counter type="INSTRUCTION" missed="0" covered="25"/><counter type="LINE" missed="0" covered="7"/><counter type="COMPLEXITY" missed="0" covered="3"/><counter type="METHOD" missed="0" covered="3"/><counter type="CLASS" missed="0" covered="1"/></sourcefile><sourcefile name="MerchantRepository.java"><line nr="15" mi="0" ci="2" mb="0" cb="0"/><line nr="16" mi="0" ci="6" mb="0" cb="0"/><line nr="17" mi="0" ci="1" mb="0" cb="0"/><line nr="20" mi="0" ci="6" mb="0" cb="0"/><line nr="24" mi="0" ci="7" mb="0" cb="0"/><line nr="25" mi="0" ci="2" mb="0" cb="0"/><line nr="26" mi="0" ci="1" mb="0" cb="0"/><counter type="INSTRUCTION" missed="0" covered="25"/><counter type="LINE" missed="0" covered="7"/><counter type="COMPLEXITY" missed="0" covered="3"/><counter type="METHOD" missed="0" covered="3"/><counter type="CLASS" missed="0" covered="1"/></sourcefile><sourcefile name="EventStore.java"><line nr="17" mi="0" ci="5" mb="0" cb="0"/><line nr="21" mi="0" ci="2" mb="0" cb="0"/><line nr="22" mi="0" ci="3" mb="0" cb="0"/><line nr="23" mi="0" ci="1" mb="0" cb="0"/><line nr="26" mi="0" ci="5" mb="0" cb="2"/><line nr="27" mi="0" ci="8" mb="0" cb="0"/><line nr="29" mi="0" ci="8" mb="0" cb="0"/><line nr="30" mi="0" ci="4" mb="0" cb="0"/><line nr="31" mi="0" ci="1" mb="0" cb="0"/><line nr="34" mi="0" ci="5" mb="1" cb="1"/><line nr="35" mi="8" ci="0" mb="0" cb="0"/><line nr="37" mi="0" ci="7" mb="0" cb="0"/><line nr="40" mi="5" ci="2" mb="1" cb="1"/><line nr="41" mi="0" ci="11" mb="0" cb="0"/><line nr="42" mi="0" ci="1" mb="0" cb="0"/><counter type="INSTRUCTION" missed="13" covered="63"/><counter type="BRANCH" missed="2" covered="4"/><counter type="LINE" missed="1" covered="14"/><counter type="COMPLEXITY" missed="2" covered="6"/><counter type="METHOD" missed="0" covered="5"/><counter type="CLASS" missed="0" covered="1"/></sourcefile><sourcefile name="CustomerRepository.java"><line nr="15" mi="0" ci="2" mb="0" cb="0"/><line nr="16" mi="0" ci="6" mb="0" cb="0"/><line nr="17" mi="0" ci="1" mb="0" cb="0"/><line nr="20" mi="0" ci="6" mb="0" cb="0"/><line nr="24" mi="0" ci="7" mb="0" cb="0"/><line nr="25" mi="0" ci="2" mb="0" cb="0"/><line nr="26" mi="0" ci="1" mb="0" cb="0"/><counter type="INSTRUCTION" missed="0" covered="25"/><counter type="LINE" missed="0" covered="7"/><counter type="COMPLEXITY" missed="0" covered="3"/><counter type="METHOD" missed="0" covered="3"/><counter type="CLASS" missed="0" covered="1"/></sourcefile><counter type="INSTRUCTION" missed="46" covered="297"/><counter type="BRANCH" missed="8" covered="6"/><counter type="LINE" missed="8" covered="69"/><counter type="COMPLEXITY" missed="9" covered="23"/><counter type="METHOD" missed="3" covered="22"/><counter type="CLASS" missed="0" covered="6"/></package><counter type="INSTRUCTION" missed="1206" covered="5809"/><counter type="BRANCH" missed="146" covered="178"/><counter type="LINE" missed="300" covered="1255"/><counter type="COMPLEXITY" missed="149" covered="335"/><counter type="METHOD" missed="35" covered="287"/><counter type="CLASS" missed="4" covered="56"/></report>