<?xml version="1.0" encoding="UTF-8" ?>
<testsuite tests="33" failures="0" name="CucumberTest" time="8.31" errors="0" skipped="0">
  <properties>
[...]
</properties>
  <testcase classname="Bank Registration/Deregistration in DTU Pay System" name="Register merchant" time="1.636"/>
  <testcase classname="Bank Registration/Deregistration in DTU Pay System" name="Register customer" time="0.441"/>
  <testcase classname="Bank Registration/Deregistration in DTU Pay System" name="Two customers at the same time" time="0.161"/>
  <testcase classname="Bank Registration/Deregistration in DTU Pay System" name="Two merchants at the same time" time="0.163"/>
  <testcase classname="Bank Registration/Deregistration in DTU Pay System" name="Same customer registers twice" time="0.119"/>
  <testcase classname="Bank Registration/Deregistration in DTU Pay System" name="Same merchant registers twice" time="0.113"/>
  <testcase classname="Bank Registration/Deregistration in DTU Pay System" name="Customer deregister" time="0.121"/>
  <testcase classname="Bank Registration/Deregistration in DTU Pay System" name="Merchant deregister" time="0.112"/>
  <testcase classname="Payment Processing in DTU Pay System" name="Merchant initiates payment" time="0.427"/>
  <testcase classname="Payment Processing in DTU Pay System" name="Customer used invalid bank information" time="0.208"/>
  <testcase classname="Payment Processing in DTU Pay System" name="Customer token can not be used after deregistering" time="0.184"/>
  <testcase classname="Payment Processing in DTU Pay System" name="Invalid token used for payment" time="0.199"/>
  <testcase classname="Payment Processing in DTU Pay System" name="Already used token is used for payment" time="0.272"/>
  <testcase classname="Payment Processing in DTU Pay System" name="Merchant initiates payment with customer with insufficient funds" time="0.202"/>
  <testcase classname="Payment Processing in DTU Pay System" name="Negative payment amount" time="0.169"/>
  <testcase classname="Payment Processing in DTU Pay System" name="Merchant recieves the money" time="0.244"/>
  <testcase classname="Payment Processing in DTU Pay System" name="Customer uses money" time="0.253"/>
  <testcase classname="Report Generation in DTU Pay System" name="Customer ask for an empty report" time="0.122"/>
  <testcase classname="Report Generation in DTU Pay System" name="Customer ask for report" time="0.212"/>
  <testcase classname="Report Generation in DTU Pay System" name="Customer ask for report history" time="0.238"/>
  <testcase classname="Report Generation in DTU Pay System" name="Merchant ask for report" time="0.256"/>
  <testcase classname="Report Generation in DTU Pay System" name="Merchant ask for report history" time="0.221"/>
  <testcase classname="Report Generation in DTU Pay System" name="Manager ask for full report" time="0.507"/>
  <testcase classname="Report Generation in DTU Pay System" name="Manager ask for report for a merchant" time="0.208"/>
  <testcase classname="Report Generation in DTU Pay System" name="Manager ask for report for a customer" time="0.217"/>
  <testcase classname="Report Generation in DTU Pay System" name="Manager ask for report history" time="0.204"/>
  <testcase classname="Report Generation in DTU Pay System" name="Manager ask for report history for a merchant" time="0.21"/>
  <testcase classname="Report Generation in DTU Pay System" name="Manager ask for report history for a customer" time="0.199"/>
  <testcase classname="Token Request" name="Customer requests token" time="0.094"/>
  <testcase classname="Token Request" name="Customer requests more tokens than allowed" time="0.093"/>
  <testcase classname="Token Request" name="Customer request tokens when not allowed" time="0.101"/>
  <testcase classname="Token Request" name="Multiple customers request tokens at the same time" time="0.151"/>
  <testcase classname="Token Request" name="Token remains unused after payment failed" time="0.253"/>
</testsuite>